<?xml version="1.0" encoding="UTF-8"?>
<testsuite xmlns:xsi="http://www.w3.org/2001/XMLSchema-instance" xsi:noNamespaceSchemaLocation="https://maven.apache.org/surefire/maven-surefire-plugin/xsd/surefire-test-report-3.0.xsd" version="3.0" name="UserTests.LoginUserTest" time="4.452" tests="3" errors="0" skipped="0" failures="0">
  <properties>
[...]
</properties>
  <testcase name="loginUserWithIncorrectLogin" classname="UserTests.LoginUserTest" time="1.492">
    <system-out><![CDATA[Request method:	POST
Request URI:	https://stellarburgers.education-services.ru/api/auth/register
Proxy:			<none>
Request params:	<none>
Query params:	<none>
Form params:	<none>
Path params:	<none>
Headers:		Accept=*/*
				Content-Type=application/json
Cookies:		<none>
Multiparts:		<none>
Body:
{
    "email": "testUser_1762464972113@yandex.ru",
    "password": "password123",
    "name": "testUser_1762464972114"
}
HTTP/1.1 200 OK
Server: nginx/1.24.0 (Ubuntu)
Date: Thu, 06 Nov 2025 21:36:12 GMT
Content-Type: application/json; charset=utf-8
Content-Length: 393
Connection: keep-alive
X-Powered-By: Express
Access-Control-Allow-Origin: *
authorization: Bearer eyJhbGciOiJIUzI1NiIsInR5cCI6IkpXVCJ9.eyJpZCI6IjY5MGQxNGNjOTg0MjcwMDAxYmRmNTY4YSIsImlhdCI6MTc2MjQ2NDk3MiwiZXhwIjoxNzYyNDY2MTcyfQ.rlM-ymzlUbGGUs-EgtRU7HjXgG8GY2jHMCy2mgdFVVY
ETag: W/"189-CpcE3mBWaJD1V3hTRXCggEBY/Tc"

{
    "success": true,
    "user": {
        "email": "testuser_1762464972113@yandex.ru",
        "name": "testUser_1762464972114"
    },
    "accessToken": "Bearer eyJhbGciOiJIUzI1NiIsInR5cCI6IkpXVCJ9.eyJpZCI6IjY5MGQxNGNjOTg0MjcwMDAxYmRmNTY4YSIsImlhdCI6MTc2MjQ2NDk3MiwiZXhwIjoxNzYyNDY2MTcyfQ.rlM-ymzlUbGGUs-EgtRU7HjXgG8GY2jHMCy2mgdFVVY",
    "refreshToken": "686b8e5d2595ee48ab60c23d33de325a50dc6c20f07ebe9bfeeac8c7f1aa45e4451a9ec97bb35244"
}
Request method:	POST
Request URI:	https://stellarburgers.education-services.ru/api/auth/login
Proxy:			<none>
Request params:	<none>
Query params:	<none>
Form params:	<none>
Path params:	<none>
Headers:		Accept=*/*
				Content-Type=application/json
Cookies:		<none>
Multiparts:		<none>
Body:
{
    "email": "testuser_1762464972113@yandex.ru",
    "password": "test"
}
HTTP/1.1 401 Unauthorized
Server: nginx/1.24.0 (Ubuntu)
Date: Thu, 06 Nov 2025 21:36:12 GMT
Content-Type: application/json; charset=utf-8
Content-Length: 61
Connection: keep-alive
X-Powered-By: Express
Access-Control-Allow-Origin: *
ETag: W/"3d-ad9nrqlzQBuoZ0AId1U3rIgKU84"

{
    "success": false,
    "message": "email or password are incorrect"
}
HTTP/1.1 401 Unauthorized
Server: nginx/1.24.0 (Ubuntu)
Date: Thu, 06 Nov 2025 21:36:12 GMT
Content-Type: application/json; charset=utf-8
Content-Length: 61
Connection: keep-alive
X-Powered-By: Express
Access-Control-Allow-Origin: *
ETag: W/"3d-ad9nrqlzQBuoZ0AId1U3rIgKU84"

{
    "success": false,
    "message": "email or password are incorrect"
}
Request method:	DELETE
Request URI:	https://stellarburgers.education-services.ru/api/auth/user
Proxy:			<none>
Request params:	<none>
Query params:	<none>
Form params:	<none>
Path params:	<none>
Headers:		authorization=Bearer eyJhbGciOiJIUzI1NiIsInR5cCI6IkpXVCJ9.eyJpZCI6IjY5MGQxNGNjOTg0MjcwMDAxYmRmNTY4YSIsImlhdCI6MTc2MjQ2NDk3MiwiZXhwIjoxNzYyNDY2MTcyfQ.rlM-ymzlUbGGUs-EgtRU7HjXgG8GY2jHMCy2mgdFVVY
				Accept=*/*
				Content-Type=application/json
Cookies:		<none>
Multiparts:		<none>
Body:			<none>
HTTP/1.1 202 Accepted
Server: nginx/1.24.0 (Ubuntu)
Date: Thu, 06 Nov 2025 21:36:13 GMT
Content-Type: application/json; charset=utf-8
Content-Length: 54
Connection: keep-alive
X-Powered-By: Express
Access-Control-Allow-Origin: *
ETag: W/"36-hDmZnQ3Ou/ynnqAeC6TYmyseuzY"

{
    "success": true,
    "message": "User successfully removed"
}
]]></system-out>
  </testcase>
  <testcase name="loginExistedUser" classname="UserTests.LoginUserTest" time="1.457">
    <system-out><![CDATA[Request method:	POST
Request URI:	https://stellarburgers.education-services.ru/api/auth/register
Proxy:			<none>
Request params:	<none>
Query params:	<none>
Form params:	<none>
Path params:	<none>
Headers:		Accept=*/*
				Content-Type=application/json
Cookies:		<none>
Multiparts:		<none>
Body:
{
    "email": "testUser_1762464973641@yandex.ru",
    "password": "password123",
    "name": "testUser_1762464973641"
}
HTTP/1.1 200 OK
Server: nginx/1.24.0 (Ubuntu)
Date: Thu, 06 Nov 2025 21:36:13 GMT
Content-Type: application/json; charset=utf-8
Content-Length: 393
Connection: keep-alive
X-Powered-By: Express
Access-Control-Allow-Origin: *
authorization: Bearer eyJhbGciOiJIUzI1NiIsInR5cCI6IkpXVCJ9.eyJpZCI6IjY5MGQxNGNkOTg0MjcwMDAxYmRmNTY4YyIsImlhdCI6MTc2MjQ2NDk3MywiZXhwIjoxNzYyNDY2MTczfQ.Bil1XU9tLilg_SC_CRudCEeZ-MpsBL7CUqm6AgSSWxE
ETag: W/"189-LVdINdajEocf97Xoh9gb5nBAtv0"

{
    "success": true,
    "user": {
        "email": "testuser_1762464973641@yandex.ru",
        "name": "testUser_1762464973641"
    },
    "accessToken": "Bearer eyJhbGciOiJIUzI1NiIsInR5cCI6IkpXVCJ9.eyJpZCI6IjY5MGQxNGNkOTg0MjcwMDAxYmRmNTY4YyIsImlhdCI6MTc2MjQ2NDk3MywiZXhwIjoxNzYyNDY2MTczfQ.Bil1XU9tLilg_SC_CRudCEeZ-MpsBL7CUqm6AgSSWxE",
    "refreshToken": "9df5906d6cb2cec85de749c531fc08bd616119173ce9be797eee899759d771d27d4dbca18f97cd56"
}
Request method:	POST
Request URI:	https://stellarburgers.education-services.ru/api/auth/login
Proxy:			<none>
Request params:	<none>
Query params:	<none>
Form params:	<none>
Path params:	<none>
Headers:		Accept=*/*
				Content-Type=application/json
Cookies:		<none>
Multiparts:		<none>
Body:
{
    "email": "testuser_1762464973641@yandex.ru",
    "password": "password123"
}
HTTP/1.1 200 OK
Server: nginx/1.24.0 (Ubuntu)
Date: Thu, 06 Nov 2025 21:36:14 GMT
Content-Type: application/json; charset=utf-8
Content-Length: 393
Connection: keep-alive
X-Powered-By: Express
Access-Control-Allow-Origin: *
ETag: W/"189-Hyk2FwiTNqK/HVPLn2v2l4Au25Q"

{
    "success": true,
    "accessToken": "Bearer eyJhbGciOiJIUzI1NiIsInR5cCI6IkpXVCJ9.eyJpZCI6IjY5MGQxNGNkOTg0MjcwMDAxYmRmNTY4YyIsImlhdCI6MTc2MjQ2NDk3NCwiZXhwIjoxNzYyNDY2MTc0fQ.PqMQrNGgjTgRT_QhzIlQTltL_5KaviDkUzNRUg50xUQ",
    "refreshToken": "80946b5e8571c708e73873a534d0f2234cd6f2f99cfe8218fc3d22784bc4a518fa1f16bd180108a5",
    "user": {
        "email": "testuser_1762464973641@yandex.ru",
        "name": "testUser_1762464973641"
    }
}
Request method:	DELETE
Request URI:	https://stellarburgers.education-services.ru/api/auth/user
Proxy:			<none>
Request params:	<none>
Query params:	<none>
Form params:	<none>
Path params:	<none>
Headers:		authorization=Bearer eyJhbGciOiJIUzI1NiIsInR5cCI6IkpXVCJ9.eyJpZCI6IjY5MGQxNGNkOTg0MjcwMDAxYmRmNTY4YyIsImlhdCI6MTc2MjQ2NDk3MywiZXhwIjoxNzYyNDY2MTczfQ.Bil1XU9tLilg_SC_CRudCEeZ-MpsBL7CUqm6AgSSWxE
				Accept=*/*
				Content-Type=application/json
Cookies:		<none>
Multiparts:		<none>
Body:			<none>
HTTP/1.1 202 Accepted
Server: nginx/1.24.0 (Ubuntu)
Date: Thu, 06 Nov 2025 21:36:15 GMT
Content-Type: application/json; charset=utf-8
Content-Length: 54
Connection: keep-alive
X-Powered-By: Express
Access-Control-Allow-Origin: *
ETag: W/"36-hDmZnQ3Ou/ynnqAeC6TYmyseuzY"

{
    "success": true,
    "message": "User successfully removed"
}
]]></system-out>
  </testcase>
  <testcase name="loginUserWithIncorrectPassword" classname="UserTests.LoginUserTest" time="1.491">
    <system-out><![CDATA[Request method:	POST
Request URI:	https://stellarburgers.education-services.ru/api/auth/register
Proxy:			<none>
Request params:	<none>
Query params:	<none>
Form params:	<none>
Path params:	<none>
Headers:		Accept=*/*
				Content-Type=application/json
Cookies:		<none>
Multiparts:		<none>
Body:
{
    "email": "testUser_1762464975104@yandex.ru",
    "password": "password123",
    "name": "testUser_1762464975104"
}
HTTP/1.1 200 OK
Server: nginx/1.24.0 (Ubuntu)
Date: Thu, 06 Nov 2025 21:36:15 GMT
Content-Type: application/json; charset=utf-8
Content-Length: 393
Connection: keep-alive
X-Powered-By: Express
Access-Control-Allow-Origin: *
authorization: Bearer eyJhbGciOiJIUzI1NiIsInR5cCI6IkpXVCJ9.eyJpZCI6IjY5MGQxNGNmOTg0MjcwMDAxYmRmNTY5MCIsImlhdCI6MTc2MjQ2NDk3NSwiZXhwIjoxNzYyNDY2MTc1fQ.ovZgyJKqHZ4trwzdfMyYUiGLTKp7jLe8er8Z3ruchHA
ETag: W/"189-TBhn7R3UTCaAmcTwiTgrTfRw420"

{
    "success": true,
    "user": {
        "email": "testuser_1762464975104@yandex.ru",
        "name": "testUser_1762464975104"
    },
    "accessToken": "Bearer eyJhbGciOiJIUzI1NiIsInR5cCI6IkpXVCJ9.eyJpZCI6IjY5MGQxNGNmOTg0MjcwMDAxYmRmNTY5MCIsImlhdCI6MTc2MjQ2NDk3NSwiZXhwIjoxNzYyNDY2MTc1fQ.ovZgyJKqHZ4trwzdfMyYUiGLTKp7jLe8er8Z3ruchHA",
    "refreshToken": "2ac08c966c41664fef072e4d6d984e99eca65dd59cc9240a7fbab1f3dd970768f70c1e3815477ccf"
}
Request method:	POST
Request URI:	https://stellarburgers.education-services.ru/api/auth/login
Proxy:			<none>
Request params:	<none>
Query params:	<none>
Form params:	<none>
Path params:	<none>
Headers:		Accept=*/*
				Content-Type=application/json
Cookies:		<none>
Multiparts:		<none>
Body:
{
    "email": "test@test.ru",
    "password": "password123"
}
HTTP/1.1 401 Unauthorized
Server: nginx/1.24.0 (Ubuntu)
Date: Thu, 06 Nov 2025 21:36:15 GMT
Content-Type: application/json; charset=utf-8
Content-Length: 61
Connection: keep-alive
X-Powered-By: Express
Access-Control-Allow-Origin: *
ETag: W/"3d-ad9nrqlzQBuoZ0AId1U3rIgKU84"

{
    "success": false,
    "message": "email or password are incorrect"
}
HTTP/1.1 401 Unauthorized
Server: nginx/1.24.0 (Ubuntu)
Date: Thu, 06 Nov 2025 21:36:15 GMT
Content-Type: application/json; charset=utf-8
Content-Length: 61
Connection: keep-alive
X-Powered-By: Express
Access-Control-Allow-Origin: *
ETag: W/"3d-ad9nrqlzQBuoZ0AId1U3rIgKU84"

{
    "success": false,
    "message": "email or password are incorrect"
}
Request method:	DELETE
Request URI:	https://stellarburgers.education-services.ru/api/auth/user
Proxy:			<none>
Request params:	<none>
Query params:	<none>
Form params:	<none>
Path params:	<none>
Headers:		authorization=Bearer eyJhbGciOiJIUzI1NiIsInR5cCI6IkpXVCJ9.eyJpZCI6IjY5MGQxNGNmOTg0MjcwMDAxYmRmNTY5MCIsImlhdCI6MTc2MjQ2NDk3NSwiZXhwIjoxNzYyNDY2MTc1fQ.ovZgyJKqHZ4trwzdfMyYUiGLTKp7jLe8er8Z3ruchHA
				Accept=*/*
				Content-Type=application/json
Cookies:		<none>
Multiparts:		<none>
Body:			<none>
HTTP/1.1 202 Accepted
Server: nginx/1.24.0 (Ubuntu)
Date: Thu, 06 Nov 2025 21:36:16 GMT
Content-Type: application/json; charset=utf-8
Content-Length: 54
Connection: keep-alive
X-Powered-By: Express
Access-Control-Allow-Origin: *
ETag: W/"36-hDmZnQ3Ou/ynnqAeC6TYmyseuzY"

{
    "success": true,
    "message": "User successfully removed"
}
]]></system-out>
  </testcase>
</testsuite>