<?xml version="1.0" encoding="UTF-8"?>
<testsuite xmlns:xsi="http://www.w3.org/2001/XMLSchema-instance" xsi:noNamespaceSchemaLocation="https://maven.apache.org/surefire/maven-surefire-plugin/xsd/surefire-test-report-3.0.xsd" version="3.0" name="UserTests.CreateUserTest" time="3.417" tests="5" errors="0" skipped="0" failures="0">
  <properties>
[...]
</properties>
  <testcase name="userCreateWithoutRequairedFieldsPassword" classname="UserTests.CreateUserTest" time="0.247">
    <system-out><![CDATA[Request method:	POST
Request URI:	https://stellarburgers.education-services.ru/api/auth/register
Proxy:			<none>
Request params:	<none>
Query params:	<none>
Form params:	<none>
Path params:	<none>
Headers:		Accept=*/*
				Content-Type=application/json
Cookies:		<none>
Multiparts:		<none>
Body:
{
    "email": "testUser_1762464976611@yandex.ru",
    "name": "testUser_1762464976612"
}
HTTP/1.1 403 Forbidden
Server: nginx/1.24.0 (Ubuntu)
Date: Thu, 06 Nov 2025 21:36:16 GMT
Content-Type: application/json; charset=utf-8
Content-Length: 74
Connection: keep-alive
X-Powered-By: Express
Access-Control-Allow-Origin: *
ETag: W/"4a-EmWdisR78lCFKIQWVZ3yQkk5Ixs"

{
    "success": false,
    "message": "Email, password and name are required fields"
}
HTTP/1.1 403 Forbidden
Server: nginx/1.24.0 (Ubuntu)
Date: Thu, 06 Nov 2025 21:36:16 GMT
Content-Type: application/json; charset=utf-8
Content-Length: 74
Connection: keep-alive
X-Powered-By: Express
Access-Control-Allow-Origin: *
ETag: W/"4a-EmWdisR78lCFKIQWVZ3yQkk5Ixs"

{
    "success": false,
    "message": "Email, password and name are required fields"
}
]]></system-out>
  </testcase>
  <testcase name="userCreateWithoutRequairedFieldsName" classname="UserTests.CreateUserTest" time="0.385">
    <system-out><![CDATA[Request method:	POST
Request URI:	https://stellarburgers.education-services.ru/api/auth/register
Proxy:			<none>
Request params:	<none>
Query params:	<none>
Form params:	<none>
Path params:	<none>
Headers:		Accept=*/*
				Content-Type=application/json
Cookies:		<none>
Multiparts:		<none>
Body:
{
    "email": "testUser_1762464976855@yandex.ru",
    "password": "password123"
}
HTTP/1.1 403 Forbidden
Server: nginx/1.24.0 (Ubuntu)
Date: Thu, 06 Nov 2025 21:36:17 GMT
Content-Type: application/json; charset=utf-8
Content-Length: 74
Connection: keep-alive
X-Powered-By: Express
Access-Control-Allow-Origin: *
ETag: W/"4a-EmWdisR78lCFKIQWVZ3yQkk5Ixs"

{
    "success": false,
    "message": "Email, password and name are required fields"
}
HTTP/1.1 403 Forbidden
Server: nginx/1.24.0 (Ubuntu)
Date: Thu, 06 Nov 2025 21:36:17 GMT
Content-Type: application/json; charset=utf-8
Content-Length: 74
Connection: keep-alive
X-Powered-By: Express
Access-Control-Allow-Origin: *
ETag: W/"4a-EmWdisR78lCFKIQWVZ3yQkk5Ixs"

{
    "success": false,
    "message": "Email, password and name are required fields"
}
]]></system-out>
  </testcase>
  <testcase name="userCreateWithoutRequairedFieldsEmail" classname="UserTests.CreateUserTest" time="0.398">
    <system-out><![CDATA[Request method:	POST
Request URI:	https://stellarburgers.education-services.ru/api/auth/register
Proxy:			<none>
Request params:	<none>
Query params:	<none>
Form params:	<none>
Path params:	<none>
Headers:		Accept=*/*
				Content-Type=application/json
Cookies:		<none>
Multiparts:		<none>
Body:
{
    "password": "password123",
    "name": "testUser_1762464977269"
}
HTTP/1.1 403 Forbidden
Server: nginx/1.24.0 (Ubuntu)
Date: Thu, 06 Nov 2025 21:36:17 GMT
Content-Type: application/json; charset=utf-8
Content-Length: 74
Connection: keep-alive
X-Powered-By: Express
Access-Control-Allow-Origin: *
ETag: W/"4a-EmWdisR78lCFKIQWVZ3yQkk5Ixs"

{
    "success": false,
    "message": "Email, password and name are required fields"
}
HTTP/1.1 403 Forbidden
Server: nginx/1.24.0 (Ubuntu)
Date: Thu, 06 Nov 2025 21:36:17 GMT
Content-Type: application/json; charset=utf-8
Content-Length: 74
Connection: keep-alive
X-Powered-By: Express
Access-Control-Allow-Origin: *
ETag: W/"4a-EmWdisR78lCFKIQWVZ3yQkk5Ixs"

{
    "success": false,
    "message": "Email, password and name are required fields"
}
]]></system-out>
  </testcase>
  <testcase name="userCreateNotUniq" classname="UserTests.CreateUserTest" time="1.3">
    <system-out><![CDATA[Request method:	POST
Request URI:	https://stellarburgers.education-services.ru/api/auth/register
Proxy:			<none>
Request params:	<none>
Query params:	<none>
Form params:	<none>
Path params:	<none>
Headers:		Accept=*/*
				Content-Type=application/json
Cookies:		<none>
Multiparts:		<none>
Body:
{
    "email": "testUser1762464977643@yandex.ru",
    "password": "password123",
    "name": "testUser1762464977643"
}
HTTP/1.1 200 OK
Server: nginx/1.24.0 (Ubuntu)
Date: Thu, 06 Nov 2025 21:36:17 GMT
Content-Type: application/json; charset=utf-8
Content-Length: 391
Connection: keep-alive
X-Powered-By: Express
Access-Control-Allow-Origin: *
authorization: Bearer eyJhbGciOiJIUzI1NiIsInR5cCI6IkpXVCJ9.eyJpZCI6IjY5MGQxNGQxOTg0MjcwMDAxYmRmNTY5MiIsImlhdCI6MTc2MjQ2NDk3NywiZXhwIjoxNzYyNDY2MTc3fQ.8PACoAo3HoYJBmfSRMyd1xLVHCm--NC9OEnl4IBEFUA
ETag: W/"187-LzDZ0Dejf1otYlyef6XDQc52X0o"

{
    "success": true,
    "user": {
        "email": "testuser1762464977643@yandex.ru",
        "name": "testUser1762464977643"
    },
    "accessToken": "Bearer eyJhbGciOiJIUzI1NiIsInR5cCI6IkpXVCJ9.eyJpZCI6IjY5MGQxNGQxOTg0MjcwMDAxYmRmNTY5MiIsImlhdCI6MTc2MjQ2NDk3NywiZXhwIjoxNzYyNDY2MTc3fQ.8PACoAo3HoYJBmfSRMyd1xLVHCm--NC9OEnl4IBEFUA",
    "refreshToken": "ddc4ec84739b2963e1674718c9b52417d720359f658a244cd29617774dfc254df729c1e4146557e7"
}
Request method:	POST
Request URI:	https://stellarburgers.education-services.ru/api/auth/register
Proxy:			<none>
Request params:	<none>
Query params:	<none>
Form params:	<none>
Path params:	<none>
Headers:		Accept=*/*
				Content-Type=application/json
Cookies:		<none>
Multiparts:		<none>
Body:
{
    "email": "testuser1762464977643@yandex.ru",
    "password": "password123",
    "name": "testUser_1762464977995"
}
HTTP/1.1 403 Forbidden
Server: nginx/1.24.0 (Ubuntu)
Date: Thu, 06 Nov 2025 21:36:18 GMT
Content-Type: application/json; charset=utf-8
Content-Length: 49
Connection: keep-alive
X-Powered-By: Express
Access-Control-Allow-Origin: *
ETag: W/"31-WKEMg8zALB1Ko0WjUHi/6RBGHVc"

{
    "success": false,
    "message": "User already exists"
}
HTTP/1.1 403 Forbidden
Server: nginx/1.24.0 (Ubuntu)
Date: Thu, 06 Nov 2025 21:36:18 GMT
Content-Type: application/json; charset=utf-8
Content-Length: 49
Connection: keep-alive
X-Powered-By: Express
Access-Control-Allow-Origin: *
ETag: W/"31-WKEMg8zALB1Ko0WjUHi/6RBGHVc"

{
    "success": false,
    "message": "User already exists"
}
Request method:	DELETE
Request URI:	https://stellarburgers.education-services.ru/api/auth/user
Proxy:			<none>
Request params:	<none>
Query params:	<none>
Form params:	<none>
Path params:	<none>
Headers:		authorization=Bearer eyJhbGciOiJIUzI1NiIsInR5cCI6IkpXVCJ9.eyJpZCI6IjY5MGQxNGQxOTg0MjcwMDAxYmRmNTY5MiIsImlhdCI6MTc2MjQ2NDk3NywiZXhwIjoxNzYyNDY2MTc3fQ.8PACoAo3HoYJBmfSRMyd1xLVHCm--NC9OEnl4IBEFUA
				Accept=*/*
				Content-Type=application/json
Cookies:		<none>
Multiparts:		<none>
Body:			<none>
HTTP/1.1 202 Accepted
Server: nginx/1.24.0 (Ubuntu)
Date: Thu, 06 Nov 2025 21:36:18 GMT
Content-Type: application/json; charset=utf-8
Content-Length: 54
Connection: keep-alive
X-Powered-By: Express
Access-Control-Allow-Origin: *
ETag: W/"36-hDmZnQ3Ou/ynnqAeC6TYmyseuzY"

{
    "success": true,
    "message": "User successfully removed"
}
]]></system-out>
  </testcase>
  <testcase name="userCreateUniq" classname="UserTests.CreateUserTest" time="1.072">
    <system-out><![CDATA[Request method:	POST
Request URI:	https://stellarburgers.education-services.ru/api/auth/register
Proxy:			<none>
Request params:	<none>
Query params:	<none>
Form params:	<none>
Path params:	<none>
Headers:		Accept=*/*
				Content-Type=application/json
Cookies:		<none>
Multiparts:		<none>
Body:
{
    "email": "testUser1762464978950@yandex.ru",
    "password": "password123",
    "name": "testUser1762464978950"
}
HTTP/1.1 200 OK
Server: nginx/1.24.0 (Ubuntu)
Date: Thu, 06 Nov 2025 21:36:19 GMT
Content-Type: application/json; charset=utf-8
Content-Length: 391
Connection: keep-alive
X-Powered-By: Express
Access-Control-Allow-Origin: *
authorization: Bearer eyJhbGciOiJIUzI1NiIsInR5cCI6IkpXVCJ9.eyJpZCI6IjY5MGQxNGQzOTg0MjcwMDAxYmRmNTY5NCIsImlhdCI6MTc2MjQ2NDk3OSwiZXhwIjoxNzYyNDY2MTc5fQ.52tA8HX3iBQtaTZzrlF-UMV72KDjQfyJHqSMjWSEtkk
ETag: W/"187-yAeMb4uTj9GSW+Zxft83KVUWm2A"

{
    "success": true,
    "user": {
        "email": "testuser1762464978950@yandex.ru",
        "name": "testUser1762464978950"
    },
    "accessToken": "Bearer eyJhbGciOiJIUzI1NiIsInR5cCI6IkpXVCJ9.eyJpZCI6IjY5MGQxNGQzOTg0MjcwMDAxYmRmNTY5NCIsImlhdCI6MTc2MjQ2NDk3OSwiZXhwIjoxNzYyNDY2MTc5fQ.52tA8HX3iBQtaTZzrlF-UMV72KDjQfyJHqSMjWSEtkk",
    "refreshToken": "e93481938ac5f999fde266abd7e8927cf8fac1ccbb25795081347d675d99e7946252c159f7b8f6d2"
}
Request method:	DELETE
Request URI:	https://stellarburgers.education-services.ru/api/auth/user
Proxy:			<none>
Request params:	<none>
Query params:	<none>
Form params:	<none>
Path params:	<none>
Headers:		authorization=Bearer eyJhbGciOiJIUzI1NiIsInR5cCI6IkpXVCJ9.eyJpZCI6IjY5MGQxNGQzOTg0MjcwMDAxYmRmNTY5NCIsImlhdCI6MTc2MjQ2NDk3OSwiZXhwIjoxNzYyNDY2MTc5fQ.52tA8HX3iBQtaTZzrlF-UMV72KDjQfyJHqSMjWSEtkk
				Accept=*/*
				Content-Type=application/json
Cookies:		<none>
Multiparts:		<none>
Body:			<none>
HTTP/1.1 202 Accepted
Server: nginx/1.24.0 (Ubuntu)
Date: Thu, 06 Nov 2025 21:36:19 GMT
Content-Type: application/json; charset=utf-8
Content-Length: 54
Connection: keep-alive
X-Powered-By: Express
Access-Control-Allow-Origin: *
ETag: W/"36-hDmZnQ3Ou/ynnqAeC6TYmyseuzY"

{
    "success": true,
    "message": "User successfully removed"
}
]]></system-out>
  </testcase>
</testsuite>