<?xml version="1.0" encoding="UTF-8"?>
<testsuite xmlns:xsi="http://www.w3.org/2001/XMLSchema-instance" xsi:noNamespaceSchemaLocation="https://maven.apache.org/surefire/maven-surefire-plugin/xsd/surefire-test-report-3.0.xsd" version="3.0" name="user.LoginUserTest" time="4.407" tests="3" errors="0" skipped="0" failures="0">
  <properties>
[...]
</properties>
  <testcase name="loginUserWithIncorrectLogin" classname="user.LoginUserTest" time="1.428">
    <system-out><![CDATA[Request method:	POST
Request URI:	https://stellarburgers.education-services.ru/api/auth/register
Proxy:			<none>
Request params:	<none>
Query params:	<none>
Form params:	<none>
Path params:	<none>
Headers:		Accept=*/*
				Content-Type=application/json
Cookies:		<none>
Multiparts:		<none>
Body:
{
    "email": "testUser_1763243720018@yandex.ru",
    "password": "password123",
    "name": "testUser_1763243720018"
}
HTTP/1.1 200 OK
Server: nginx/1.24.0 (Ubuntu)
Date: Sat, 15 Nov 2025 21:55:20 GMT
Content-Type: application/json; charset=utf-8
Content-Length: 393
Connection: keep-alive
X-Powered-By: Express
Access-Control-Allow-Origin: *
authorization: Bearer eyJhbGciOiJIUzI1NiIsInR5cCI6IkpXVCJ9.eyJpZCI6IjY5MThmNmM4OTg0MjcwMDAxYmUwMTlhZSIsImlhdCI6MTc2MzI0MzcyMCwiZXhwIjoxNzYzMjQ0OTIwfQ.BeNQP2St9w5Lhlbhd_4xnAn8rttWXYedIMqApAk1gE8
ETag: W/"189-ZrJuoUJOEbY29Y8wgBGQcCUtahc"

{
    "success": true,
    "user": {
        "email": "testuser_1763243720018@yandex.ru",
        "name": "testUser_1763243720018"
    },
    "accessToken": "Bearer eyJhbGciOiJIUzI1NiIsInR5cCI6IkpXVCJ9.eyJpZCI6IjY5MThmNmM4OTg0MjcwMDAxYmUwMTlhZSIsImlhdCI6MTc2MzI0MzcyMCwiZXhwIjoxNzYzMjQ0OTIwfQ.BeNQP2St9w5Lhlbhd_4xnAn8rttWXYedIMqApAk1gE8",
    "refreshToken": "000f22a655dd28f296aefe8e8fe132e5e0bfa0296f03c4eef8af0ff9042f56c36dc896bf9a74518b"
}
Request method:	POST
Request URI:	https://stellarburgers.education-services.ru/api/auth/login
Proxy:			<none>
Request params:	<none>
Query params:	<none>
Form params:	<none>
Path params:	<none>
Headers:		Accept=*/*
				Content-Type=application/json
Cookies:		<none>
Multiparts:		<none>
Body:
{
    "email": "testuser_1763243720018@yandex.ru",
    "password": "test"
}
HTTP/1.1 401 Unauthorized
Server: nginx/1.24.0 (Ubuntu)
Date: Sat, 15 Nov 2025 21:55:20 GMT
Content-Type: application/json; charset=utf-8
Content-Length: 61
Connection: keep-alive
X-Powered-By: Express
Access-Control-Allow-Origin: *
ETag: W/"3d-ad9nrqlzQBuoZ0AId1U3rIgKU84"

{
    "success": false,
    "message": "email or password are incorrect"
}
HTTP/1.1 401 Unauthorized
Server: nginx/1.24.0 (Ubuntu)
Date: Sat, 15 Nov 2025 21:55:20 GMT
Content-Type: application/json; charset=utf-8
Content-Length: 61
Connection: keep-alive
X-Powered-By: Express
Access-Control-Allow-Origin: *
ETag: W/"3d-ad9nrqlzQBuoZ0AId1U3rIgKU84"

{
    "success": false,
    "message": "email or password are incorrect"
}
Request method:	DELETE
Request URI:	https://stellarburgers.education-services.ru/api/auth/user
Proxy:			<none>
Request params:	<none>
Query params:	<none>
Form params:	<none>
Path params:	<none>
Headers:		authorization=Bearer eyJhbGciOiJIUzI1NiIsInR5cCI6IkpXVCJ9.eyJpZCI6IjY5MThmNmM4OTg0MjcwMDAxYmUwMTlhZSIsImlhdCI6MTc2MzI0MzcyMCwiZXhwIjoxNzYzMjQ0OTIwfQ.BeNQP2St9w5Lhlbhd_4xnAn8rttWXYedIMqApAk1gE8
				Accept=*/*
				Content-Type=application/json
Cookies:		<none>
Multiparts:		<none>
Body:			<none>
HTTP/1.1 202 Accepted
Server: nginx/1.24.0 (Ubuntu)
Date: Sat, 15 Nov 2025 21:55:21 GMT
Content-Type: application/json; charset=utf-8
Content-Length: 54
Connection: keep-alive
X-Powered-By: Express
Access-Control-Allow-Origin: *
ETag: W/"36-hDmZnQ3Ou/ynnqAeC6TYmyseuzY"

{
    "success": true,
    "message": "User successfully removed"
}
]]></system-out>
  </testcase>
  <testcase name="loginExistedUser" classname="user.LoginUserTest" time="1.49">
    <system-out><![CDATA[Request method:	POST
Request URI:	https://stellarburgers.education-services.ru/api/auth/register
Proxy:			<none>
Request params:	<none>
Query params:	<none>
Form params:	<none>
Path params:	<none>
Headers:		Accept=*/*
				Content-Type=application/json
Cookies:		<none>
Multiparts:		<none>
Body:
{
    "email": "testUser_1763243721451@yandex.ru",
    "password": "password123",
    "name": "testUser_1763243721451"
}
HTTP/1.1 200 OK
Server: nginx/1.24.0 (Ubuntu)
Date: Sat, 15 Nov 2025 21:55:21 GMT
Content-Type: application/json; charset=utf-8
Content-Length: 393
Connection: keep-alive
X-Powered-By: Express
Access-Control-Allow-Origin: *
authorization: Bearer eyJhbGciOiJIUzI1NiIsInR5cCI6IkpXVCJ9.eyJpZCI6IjY5MThmNmM5OTg0MjcwMDAxYmUwMTliMCIsImlhdCI6MTc2MzI0MzcyMSwiZXhwIjoxNzYzMjQ0OTIxfQ.vTqsJL62HJr7mxrSBa09TSUaZgRlyyuFQ3UoqjRqgNE
ETag: W/"189-AVnW5CD9M1spnf/NVRV4qPoaEIM"

{
    "success": true,
    "user": {
        "email": "testuser_1763243721451@yandex.ru",
        "name": "testUser_1763243721451"
    },
    "accessToken": "Bearer eyJhbGciOiJIUzI1NiIsInR5cCI6IkpXVCJ9.eyJpZCI6IjY5MThmNmM5OTg0MjcwMDAxYmUwMTliMCIsImlhdCI6MTc2MzI0MzcyMSwiZXhwIjoxNzYzMjQ0OTIxfQ.vTqsJL62HJr7mxrSBa09TSUaZgRlyyuFQ3UoqjRqgNE",
    "refreshToken": "3ea43833482eec5c9fa52deb5e37132e5b770f54860d0cca6b0c39c58941822405c4d0efdca96b60"
}
Request method:	POST
Request URI:	https://stellarburgers.education-services.ru/api/auth/login
Proxy:			<none>
Request params:	<none>
Query params:	<none>
Form params:	<none>
Path params:	<none>
Headers:		Accept=*/*
				Content-Type=application/json
Cookies:		<none>
Multiparts:		<none>
Body:
{
    "email": "testuser_1763243721451@yandex.ru",
    "password": "password123"
}
HTTP/1.1 200 OK
Server: nginx/1.24.0 (Ubuntu)
Date: Sat, 15 Nov 2025 21:55:22 GMT
Content-Type: application/json; charset=utf-8
Content-Length: 393
Connection: keep-alive
X-Powered-By: Express
Access-Control-Allow-Origin: *
ETag: W/"189-fY72wHCBbzJdFZZUx17lV4PkJ4w"

{
    "success": true,
    "accessToken": "Bearer eyJhbGciOiJIUzI1NiIsInR5cCI6IkpXVCJ9.eyJpZCI6IjY5MThmNmM5OTg0MjcwMDAxYmUwMTliMCIsImlhdCI6MTc2MzI0MzcyMiwiZXhwIjoxNzYzMjQ0OTIyfQ.Fvu9wko2mvxIRLwkzyKXcFwd0AjpRDyBZERyqZd4myk",
    "refreshToken": "ded77679a19617b3d9938bf5e1f8443a97a77ff5dfe7e75f96e1752bae90a79dee079f006ccd2071",
    "user": {
        "email": "testuser_1763243721451@yandex.ru",
        "name": "testUser_1763243721451"
    }
}
Request method:	DELETE
Request URI:	https://stellarburgers.education-services.ru/api/auth/user
Proxy:			<none>
Request params:	<none>
Query params:	<none>
Form params:	<none>
Path params:	<none>
Headers:		authorization=Bearer eyJhbGciOiJIUzI1NiIsInR5cCI6IkpXVCJ9.eyJpZCI6IjY5MThmNmM5OTg0MjcwMDAxYmUwMTliMCIsImlhdCI6MTc2MzI0MzcyMSwiZXhwIjoxNzYzMjQ0OTIxfQ.vTqsJL62HJr7mxrSBa09TSUaZgRlyyuFQ3UoqjRqgNE
				Accept=*/*
				Content-Type=application/json
Cookies:		<none>
Multiparts:		<none>
Body:			<none>
HTTP/1.1 202 Accepted
Server: nginx/1.24.0 (Ubuntu)
Date: Sat, 15 Nov 2025 21:55:22 GMT
Content-Type: application/json; charset=utf-8
Content-Length: 54
Connection: keep-alive
X-Powered-By: Express
Access-Control-Allow-Origin: *
ETag: W/"36-hDmZnQ3Ou/ynnqAeC6TYmyseuzY"

{
    "success": true,
    "message": "User successfully removed"
}
]]></system-out>
  </testcase>
  <testcase name="loginUserWithIncorrectPassword" classname="user.LoginUserTest" time="1.483">
    <system-out><![CDATA[Request method:	POST
Request URI:	https://stellarburgers.education-services.ru/api/auth/register
Proxy:			<none>
Request params:	<none>
Query params:	<none>
Form params:	<none>
Path params:	<none>
Headers:		Accept=*/*
				Content-Type=application/json
Cookies:		<none>
Multiparts:		<none>
Body:
{
    "email": "testUser_1763243722954@yandex.ru",
    "password": "password123",
    "name": "testUser_1763243722954"
}
HTTP/1.1 200 OK
Server: nginx/1.24.0 (Ubuntu)
Date: Sat, 15 Nov 2025 21:55:23 GMT
Content-Type: application/json; charset=utf-8
Content-Length: 393
Connection: keep-alive
X-Powered-By: Express
Access-Control-Allow-Origin: *
authorization: Bearer eyJhbGciOiJIUzI1NiIsInR5cCI6IkpXVCJ9.eyJpZCI6IjY5MThmNmNiOTg0MjcwMDAxYmUwMTliMyIsImlhdCI6MTc2MzI0MzcyMywiZXhwIjoxNzYzMjQ0OTIzfQ.mwHMq0Kk6FN_I63ZU00xzc2D7yrq2SVl0GiaWx7b9Qw
ETag: W/"189-eeGXvQv8Du7KJrrtAFBf+TXXTPQ"

{
    "success": true,
    "user": {
        "email": "testuser_1763243722954@yandex.ru",
        "name": "testUser_1763243722954"
    },
    "accessToken": "Bearer eyJhbGciOiJIUzI1NiIsInR5cCI6IkpXVCJ9.eyJpZCI6IjY5MThmNmNiOTg0MjcwMDAxYmUwMTliMyIsImlhdCI6MTc2MzI0MzcyMywiZXhwIjoxNzYzMjQ0OTIzfQ.mwHMq0Kk6FN_I63ZU00xzc2D7yrq2SVl0GiaWx7b9Qw",
    "refreshToken": "f936f154bcba8951d053dd68187c195cd7e924c8713ef2740acfe749588b9158c2a6028d5c786dcb"
}
Request method:	POST
Request URI:	https://stellarburgers.education-services.ru/api/auth/login
Proxy:			<none>
Request params:	<none>
Query params:	<none>
Form params:	<none>
Path params:	<none>
Headers:		Accept=*/*
				Content-Type=application/json
Cookies:		<none>
Multiparts:		<none>
Body:
{
    "email": "test@test.ru",
    "password": "password123"
}
HTTP/1.1 401 Unauthorized
Server: nginx/1.24.0 (Ubuntu)
Date: Sat, 15 Nov 2025 21:55:23 GMT
Content-Type: application/json; charset=utf-8
Content-Length: 61
Connection: keep-alive
X-Powered-By: Express
Access-Control-Allow-Origin: *
ETag: W/"3d-ad9nrqlzQBuoZ0AId1U3rIgKU84"

{
    "success": false,
    "message": "email or password are incorrect"
}
HTTP/1.1 401 Unauthorized
Server: nginx/1.24.0 (Ubuntu)
Date: Sat, 15 Nov 2025 21:55:23 GMT
Content-Type: application/json; charset=utf-8
Content-Length: 61
Connection: keep-alive
X-Powered-By: Express
Access-Control-Allow-Origin: *
ETag: W/"3d-ad9nrqlzQBuoZ0AId1U3rIgKU84"

{
    "success": false,
    "message": "email or password are incorrect"
}
Request method:	DELETE
Request URI:	https://stellarburgers.education-services.ru/api/auth/user
Proxy:			<none>
Request params:	<none>
Query params:	<none>
Form params:	<none>
Path params:	<none>
Headers:		authorization=Bearer eyJhbGciOiJIUzI1NiIsInR5cCI6IkpXVCJ9.eyJpZCI6IjY5MThmNmNiOTg0MjcwMDAxYmUwMTliMyIsImlhdCI6MTc2MzI0MzcyMywiZXhwIjoxNzYzMjQ0OTIzfQ.mwHMq0Kk6FN_I63ZU00xzc2D7yrq2SVl0GiaWx7b9Qw
				Accept=*/*
				Content-Type=application/json
Cookies:		<none>
Multiparts:		<none>
Body:			<none>
HTTP/1.1 202 Accepted
Server: nginx/1.24.0 (Ubuntu)
Date: Sat, 15 Nov 2025 21:55:24 GMT
Content-Type: application/json; charset=utf-8
Content-Length: 54
Connection: keep-alive
X-Powered-By: Express
Access-Control-Allow-Origin: *
ETag: W/"36-hDmZnQ3Ou/ynnqAeC6TYmyseuzY"

{
    "success": true,
    "message": "User successfully removed"
}
]]></system-out>
  </testcase>
</testsuite>