<?xml version="1.0" encoding="UTF-8"?>
<testsuite xmlns:xsi="http://www.w3.org/2001/XMLSchema-instance" xsi:noNamespaceSchemaLocation="https://maven.apache.org/surefire/maven-surefire-plugin/xsd/surefire-test-report-3.0.xsd" version="3.0" name="OrderTests.OrderCreateTest" time="14.347" tests="5" errors="0" skipped="0" failures="0">
  <properties>
[...]
</properties>
  <testcase name="TestOrderCreateWithoutIngredients" classname="OrderTests.OrderCreateTest" time="1.692">
    <system-out><![CDATA[Request method:	POST
Request URI:	https://stellarburgers.education-services.ru/api/auth/register
Proxy:			<none>
Request params:	<none>
Query params:	<none>
Form params:	<none>
Path params:	<none>
Headers:		Accept=*/*
				Content-Type=application/json
Cookies:		<none>
Multiparts:		<none>
Body:
{
    "email": "testUser1762464980039@yandex.ru",
    "password": "password123",
    "name": "testUser1762464980042"
}
HTTP/1.1 200 OK
Server: nginx/1.24.0 (Ubuntu)
Date: Thu, 06 Nov 2025 21:36:20 GMT
Content-Type: application/json; charset=utf-8
Content-Length: 391
Connection: keep-alive
X-Powered-By: Express
Access-Control-Allow-Origin: *
authorization: Bearer eyJhbGciOiJIUzI1NiIsInR5cCI6IkpXVCJ9.eyJpZCI6IjY5MGQxNGQ0OTg0MjcwMDAxYmRmNTY5NiIsImlhdCI6MTc2MjQ2NDk4MCwiZXhwIjoxNzYyNDY2MTgwfQ.8KNct3uxPWajeqpiXNSmzwE39hOUvhixH66bWdOowMo
ETag: W/"187-Slz+ulLND344M0krl3tNPORmHuA"

{
    "success": true,
    "user": {
        "email": "testuser1762464980039@yandex.ru",
        "name": "testUser1762464980042"
    },
    "accessToken": "Bearer eyJhbGciOiJIUzI1NiIsInR5cCI6IkpXVCJ9.eyJpZCI6IjY5MGQxNGQ0OTg0MjcwMDAxYmRmNTY5NiIsImlhdCI6MTc2MjQ2NDk4MCwiZXhwIjoxNzYyNDY2MTgwfQ.8KNct3uxPWajeqpiXNSmzwE39hOUvhixH66bWdOowMo",
    "refreshToken": "fcdd5ce20ae3083608826bc6e941a0599f619679c0acf34c2c5048a5ba039302ac9708b44011849a"
}
Request method:	GET
Request URI:	https://stellarburgers.education-services.ru/api/ingredients
Proxy:			<none>
Request params:	<none>
Query params:	<none>
Form params:	<none>
Path params:	<none>
Headers:		Accept=*/*
				Content-Type=application/json
Cookies:		<none>
Multiparts:		<none>
Body:			<none>
HTTP/1.1 200 OK
Server: nginx/1.24.0 (Ubuntu)
Date: Thu, 06 Nov 2025 21:36:20 GMT
Content-Type: application/json; charset=utf-8
Content-Length: 5957
Connection: keep-alive
X-Powered-By: Express
Access-Control-Allow-Origin: *
ETag: W/"1745-LHZ7D8kBZWcbCGljCoPXtjB5CeA"

{
    "success": true,
    "data": [
        {
            "_id": "61c0c5a71d1f82001bdaaa6d",
            "name": "Флюоресцентная булка R2-D3",
            "type": "bun",
            "proteins": 44,
            "fat": 26,
            "carbohydrates": 85,
            "calories": 643,
            "price": 988,
            "image": "https://code.s3.yandex.net/react/code/bun-01.png",
            "image_mobile": "https://code.s3.yandex.net/react/code/bun-01-mobile.png",
            "image_large": "https://code.s3.yandex.net/react/code/bun-01-large.png",
            "__v": 0
        },
        {
            "_id": "61c0c5a71d1f82001bdaaa6f",
            "name": "Мясо бессмертных моллюсков Protostomia",
            "type": "main",
            "proteins": 433,
            "fat": 244,
            "carbohydrates": 33,
            "calories": 420,
            "price": 1337,
            "image": "https://code.s3.yandex.net/react/code/meat-02.png",
            "image_mobile": "https://code.s3.yandex.net/react/code/meat-02-mobile.png",
            "image_large": "https://code.s3.yandex.net/react/code/meat-02-large.png",
            "__v": 0
        },
        {
            "_id": "61c0c5a71d1f82001bdaaa70",
            "name": "Говяжий метеорит (отбивная)",
            "type": "main",
            "proteins": 800,
            "fat": 800,
            "carbohydrates": 300,
            "calories": 2674,
            "price": 3000,
            "image": "https://code.s3.yandex.net/react/code/meat-04.png",
            "image_mobile": "https://code.s3.yandex.net/react/code/meat-04-mobile.png",
            "image_large": "https://code.s3.yandex.net/react/code/meat-04-large.png",
            "__v": 0
        },
        {
            "_id": "61c0c5a71d1f82001bdaaa71",
            "name": "Биокотлета из марсианской Магнолии",
            "type": "main",
            "proteins": 420,
            "fat": 142,
            "carbohydrates": 242,
            "calories": 4242,
            "price": 424,
            "image": "https://code.s3.yandex.net/react/code/meat-01.png",
            "image_mobile": "https://code.s3.yandex.net/react/code/meat-01-mobile.png",
            "image_large": "https://code.s3.yandex.net/react/code/meat-01-large.png",
            "__v": 0
        },
        {
            "_id": "61c0c5a71d1f82001bdaaa72",
            "name": "Соус Spicy-X",
            "type": "sauce",
            "proteins": 30,
            "fat": 20,
            "carbohydrates": 40,
            "calories": 30,
            "price": 90,
            "image": "https://code.s3.yandex.net/react/code/sauce-02.png",
            "image_mobile": "https://code.s3.yandex.net/react/code/sauce-02-mobile.png",
            "image_large": "https://code.s3.yandex.net/react/code/sauce-02-large.png",
            "__v": 0
        },
        {
            "_id": "61c0c5a71d1f82001bdaaa6e",
            "name": "Филе Люминесцентного тетраодонтимформа",
            "type": "main",
            "proteins": 44,
            "fat": 26,
            "carbohydrates": 85,
            "calories": 643,
            "price": 988,
            "image": "https://code.s3.yandex.net/react/code/meat-03.png",
            "image_mobile": "https://code.s3.yandex.net/react/code/meat-03-mobile.png",
            "image_large": "https://code.s3.yandex.net/react/code/meat-03-large.png",
            "__v": 0
        },
        {
            "_id": "61c0c5a71d1f82001bdaaa73",
            "name": "Соус фирменный Space Sauce",
            "type": "sauce",
            "proteins": 50,
            "fat": 22,
            "carbohydrates": 11,
            "calories": 14,
            "price": 80,
            "image": "https://code.s3.yandex.net/react/code/sauce-04.png",
            "image_mobile": "https://code.s3.yandex.net/react/code/sauce-04-mobile.png",
            "image_large": "https://code.s3.yandex.net/react/code/sauce-04-large.png",
            "__v": 0
        },
        {
            "_id": "61c0c5a71d1f82001bdaaa74",
            "name": "Соус традиционный галактический",
            "type": "sauce",
            "proteins": 42,
            "fat": 24,
            "carbohydrates": 42,
            "calories": 99,
            "price": 15,
            "image": "https://code.s3.yandex.net/react/code/sauce-03.png",
            "image_mobile": "https://code.s3.yandex.net/react/code/sauce-03-mobile.png",
            "image_large": "https://code.s3.yandex.net/react/code/sauce-03-large.png",
            "__v": 0
        },
        {
            "_id": "61c0c5a71d1f82001bdaaa6c",
            "name": "Краторная булка N-200i",
            "type": "bun",
            "proteins": 80,
            "fat": 24,
            "carbohydrates": 53,
            "calories": 420,
            "price": 1255,
            "image": "https://code.s3.yandex.net/react/code/bun-02.png",
            "image_mobile": "https://code.s3.yandex.net/react/code/bun-02-mobile.png",
            "image_large": "https://code.s3.yandex.net/react/code/bun-02-large.png",
            "__v": 0
        },
        {
            "_id": "61c0c5a71d1f82001bdaaa75",
            "name": "Соус с шипами Антарианского плоскоходца",
            "type": "sauce",
            "proteins": 101,
            "fat": 99,
            "carbohydrates": 100,
            "calories": 100,
            "price": 88,
            "image": "https://code.s3.yandex.net/react/code/sauce-01.png",
            "image_mobile": "https://code.s3.yandex.net/react/code/sauce-01-mobile.png",
            "image_large": "https://code.s3.yandex.net/react/code/sauce-01-large.png",
            "__v": 0
        },
        {
            "_id": "61c0c5a71d1f82001bdaaa76",
            "name": "Хрустящие минеральные кольца",
            "type": "main",
            "proteins": 808,
            "fat": 689,
            "carbohydrates": 609,
            "calories": 986,
            "price": 300,
            "image": "https://code.s3.yandex.net/react/code/mineral_rings.png",
            "image_mobile": "https://code.s3.yandex.net/react/code/mineral_rings-mobile.png",
            "image_large": "https://code.s3.yandex.net/react/code/mineral_rings-large.png",
            "__v": 0
        },
        {
            "_id": "61c0c5a71d1f82001bdaaa77",
            "name": "Плоды Фалленианского дерева",
            "type": "main",
            "proteins": 20,
            "fat": 5,
            "carbohydrates": 55,
            "calories": 77,
            "price": 874,
            "image": "https://code.s3.yandex.net/react/code/sp_1.png",
            "image_mobile": "https://code.s3.yandex.net/react/code/sp_1-mobile.png",
            "image_large": "https://code.s3.yandex.net/react/code/sp_1-large.png",
            "__v": 0
        },
        {
            "_id": "61c0c5a71d1f82001bdaaa78",
            "name": "Кристаллы марсианских альфа-сахаридов",
            "type": "main",
            "proteins": 234,
            "fat": 432,
            "carbohydrates": 111,
            "calories": 189,
            "price": 762,
            "image": "https://code.s3.yandex.net/react/code/core.png",
            "image_mobile": "https://code.s3.yandex.net/react/code/core-mobile.png",
            "image_large": "https://code.s3.yandex.net/react/code/core-large.png",
            "__v": 0
        },
        {
            "_id": "61c0c5a71d1f82001bdaaa79",
            "name": "Мини-салат Экзо-Плантаго",
            "type": "main",
            "proteins": 1,
            "fat": 2,
            "carbohydrates": 3,
            "calories": 6,
            "price": 4400,
            "image": "https://code.s3.yandex.net/react/code/salad.png",
            "image_mobile": "https://code.s3.yandex.net/react/code/salad-mobile.png",
            "image_large": "https://code.s3.yandex.net/react/code/salad-large.png",
            "__v": 0
        },
        {
            "_id": "61c0c5a71d1f82001bdaaa7a",
            "name": "Сыр с астероидной плесенью",
            "type": "main",
            "proteins": 84,
            "fat": 48,
            "carbohydrates": 420,
            "calories": 3377,
            "price": 4142,
            "image": "https://code.s3.yandex.net/react/code/cheese.png",
            "image_mobile": "https://code.s3.yandex.net/react/code/cheese-mobile.png",
            "image_large": "https://code.s3.yandex.net/react/code/cheese-large.png",
            "__v": 0
        }
    ]
}
Request method:	POST
Request URI:	https://stellarburgers.education-services.ru/api/orders
Proxy:			<none>
Request params:	<none>
Query params:	<none>
Form params:	<none>
Path params:	<none>
Headers:		authorization=Bearer eyJhbGciOiJIUzI1NiIsInR5cCI6IkpXVCJ9.eyJpZCI6IjY5MGQxNGQ0OTg0MjcwMDAxYmRmNTY5NiIsImlhdCI6MTc2MjQ2NDk4MCwiZXhwIjoxNzYyNDY2MTgwfQ.8KNct3uxPWajeqpiXNSmzwE39hOUvhixH66bWdOowMo
				Accept=*/*
				Content-Type=application/json
Cookies:		<none>
Multiparts:		<none>
Body:
{
    
}
HTTP/1.1 400 Bad Request
Server: nginx/1.24.0 (Ubuntu)
Date: Thu, 06 Nov 2025 21:36:20 GMT
Content-Type: application/json; charset=utf-8
Content-Length: 61
Connection: keep-alive
X-Powered-By: Express
Access-Control-Allow-Origin: *
ETag: W/"3d-2OjyVsQbcrSKTjJtjBJ5FY7GEPQ"

{
    "success": false,
    "message": "Ingredient ids must be provided"
}
HTTP/1.1 400 Bad Request
Server: nginx/1.24.0 (Ubuntu)
Date: Thu, 06 Nov 2025 21:36:20 GMT
Content-Type: application/json; charset=utf-8
Content-Length: 61
Connection: keep-alive
X-Powered-By: Express
Access-Control-Allow-Origin: *
ETag: W/"3d-2OjyVsQbcrSKTjJtjBJ5FY7GEPQ"

{
    "success": false,
    "message": "Ingredient ids must be provided"
}
Request method:	DELETE
Request URI:	https://stellarburgers.education-services.ru/api/auth/user
Proxy:			<none>
Request params:	<none>
Query params:	<none>
Form params:	<none>
Path params:	<none>
Headers:		authorization=Bearer eyJhbGciOiJIUzI1NiIsInR5cCI6IkpXVCJ9.eyJpZCI6IjY5MGQxNGQ0OTg0MjcwMDAxYmRmNTY5NiIsImlhdCI6MTc2MjQ2NDk4MCwiZXhwIjoxNzYyNDY2MTgwfQ.8KNct3uxPWajeqpiXNSmzwE39hOUvhixH66bWdOowMo
				Accept=*/*
				Content-Type=application/json
Cookies:		<none>
Multiparts:		<none>
Body:			<none>
HTTP/1.1 202 Accepted
Server: nginx/1.24.0 (Ubuntu)
Date: Thu, 06 Nov 2025 21:36:21 GMT
Content-Type: application/json; charset=utf-8
Content-Length: 54
Connection: keep-alive
X-Powered-By: Express
Access-Control-Allow-Origin: *
ETag: W/"36-hDmZnQ3Ou/ynnqAeC6TYmyseuzY"

{
    "success": true,
    "message": "User successfully removed"
}
]]></system-out>
  </testcase>
  <testcase name="TestOrderCreateWithIngredients" classname="OrderTests.OrderCreateTest" time="4.595">
    <system-out><![CDATA[Request method:	POST
Request URI:	https://stellarburgers.education-services.ru/api/auth/register
Proxy:			<none>
Request params:	<none>
Query params:	<none>
Form params:	<none>
Path params:	<none>
Headers:		Accept=*/*
				Content-Type=application/json
Cookies:		<none>
Multiparts:		<none>
Body:
{
    "email": "testUser1762464981744@yandex.ru",
    "password": "password123",
    "name": "testUser1762464981744"
}
HTTP/1.1 200 OK
Server: nginx/1.24.0 (Ubuntu)
Date: Thu, 06 Nov 2025 21:36:22 GMT
Content-Type: application/json; charset=utf-8
Content-Length: 391
Connection: keep-alive
X-Powered-By: Express
Access-Control-Allow-Origin: *
authorization: Bearer eyJhbGciOiJIUzI1NiIsInR5cCI6IkpXVCJ9.eyJpZCI6IjY5MGQxNGQ2OTg0MjcwMDAxYmRmNTY5OCIsImlhdCI6MTc2MjQ2NDk4MiwiZXhwIjoxNzYyNDY2MTgyfQ.-UNFRUUOOLWMHaW1j9imXul7nTimby7dG9mVXACkcuA
ETag: W/"187-Y9S4z92LLEsrfzXH7XlDa6rvA+g"

{
    "success": true,
    "user": {
        "email": "testuser1762464981744@yandex.ru",
        "name": "testUser1762464981744"
    },
    "accessToken": "Bearer eyJhbGciOiJIUzI1NiIsInR5cCI6IkpXVCJ9.eyJpZCI6IjY5MGQxNGQ2OTg0MjcwMDAxYmRmNTY5OCIsImlhdCI6MTc2MjQ2NDk4MiwiZXhwIjoxNzYyNDY2MTgyfQ.-UNFRUUOOLWMHaW1j9imXul7nTimby7dG9mVXACkcuA",
    "refreshToken": "0a96fe0101eef064922e4a892b83ecd93dd485152df27c88702fe192d981359ee6770ef32fba0951"
}
Request method:	GET
Request URI:	https://stellarburgers.education-services.ru/api/ingredients
Proxy:			<none>
Request params:	<none>
Query params:	<none>
Form params:	<none>
Path params:	<none>
Headers:		Accept=*/*
				Content-Type=application/json
Cookies:		<none>
Multiparts:		<none>
Body:			<none>
HTTP/1.1 200 OK
Server: nginx/1.24.0 (Ubuntu)
Date: Thu, 06 Nov 2025 21:36:22 GMT
Content-Type: application/json; charset=utf-8
Content-Length: 5957
Connection: keep-alive
X-Powered-By: Express
Access-Control-Allow-Origin: *
ETag: W/"1745-LHZ7D8kBZWcbCGljCoPXtjB5CeA"

{
    "success": true,
    "data": [
        {
            "_id": "61c0c5a71d1f82001bdaaa6d",
            "name": "Флюоресцентная булка R2-D3",
            "type": "bun",
            "proteins": 44,
            "fat": 26,
            "carbohydrates": 85,
            "calories": 643,
            "price": 988,
            "image": "https://code.s3.yandex.net/react/code/bun-01.png",
            "image_mobile": "https://code.s3.yandex.net/react/code/bun-01-mobile.png",
            "image_large": "https://code.s3.yandex.net/react/code/bun-01-large.png",
            "__v": 0
        },
        {
            "_id": "61c0c5a71d1f82001bdaaa6f",
            "name": "Мясо бессмертных моллюсков Protostomia",
            "type": "main",
            "proteins": 433,
            "fat": 244,
            "carbohydrates": 33,
            "calories": 420,
            "price": 1337,
            "image": "https://code.s3.yandex.net/react/code/meat-02.png",
            "image_mobile": "https://code.s3.yandex.net/react/code/meat-02-mobile.png",
            "image_large": "https://code.s3.yandex.net/react/code/meat-02-large.png",
            "__v": 0
        },
        {
            "_id": "61c0c5a71d1f82001bdaaa70",
            "name": "Говяжий метеорит (отбивная)",
            "type": "main",
            "proteins": 800,
            "fat": 800,
            "carbohydrates": 300,
            "calories": 2674,
            "price": 3000,
            "image": "https://code.s3.yandex.net/react/code/meat-04.png",
            "image_mobile": "https://code.s3.yandex.net/react/code/meat-04-mobile.png",
            "image_large": "https://code.s3.yandex.net/react/code/meat-04-large.png",
            "__v": 0
        },
        {
            "_id": "61c0c5a71d1f82001bdaaa71",
            "name": "Биокотлета из марсианской Магнолии",
            "type": "main",
            "proteins": 420,
            "fat": 142,
            "carbohydrates": 242,
            "calories": 4242,
            "price": 424,
            "image": "https://code.s3.yandex.net/react/code/meat-01.png",
            "image_mobile": "https://code.s3.yandex.net/react/code/meat-01-mobile.png",
            "image_large": "https://code.s3.yandex.net/react/code/meat-01-large.png",
            "__v": 0
        },
        {
            "_id": "61c0c5a71d1f82001bdaaa72",
            "name": "Соус Spicy-X",
            "type": "sauce",
            "proteins": 30,
            "fat": 20,
            "carbohydrates": 40,
            "calories": 30,
            "price": 90,
            "image": "https://code.s3.yandex.net/react/code/sauce-02.png",
            "image_mobile": "https://code.s3.yandex.net/react/code/sauce-02-mobile.png",
            "image_large": "https://code.s3.yandex.net/react/code/sauce-02-large.png",
            "__v": 0
        },
        {
            "_id": "61c0c5a71d1f82001bdaaa6e",
            "name": "Филе Люминесцентного тетраодонтимформа",
            "type": "main",
            "proteins": 44,
            "fat": 26,
            "carbohydrates": 85,
            "calories": 643,
            "price": 988,
            "image": "https://code.s3.yandex.net/react/code/meat-03.png",
            "image_mobile": "https://code.s3.yandex.net/react/code/meat-03-mobile.png",
            "image_large": "https://code.s3.yandex.net/react/code/meat-03-large.png",
            "__v": 0
        },
        {
            "_id": "61c0c5a71d1f82001bdaaa73",
            "name": "Соус фирменный Space Sauce",
            "type": "sauce",
            "proteins": 50,
            "fat": 22,
            "carbohydrates": 11,
            "calories": 14,
            "price": 80,
            "image": "https://code.s3.yandex.net/react/code/sauce-04.png",
            "image_mobile": "https://code.s3.yandex.net/react/code/sauce-04-mobile.png",
            "image_large": "https://code.s3.yandex.net/react/code/sauce-04-large.png",
            "__v": 0
        },
        {
            "_id": "61c0c5a71d1f82001bdaaa74",
            "name": "Соус традиционный галактический",
            "type": "sauce",
            "proteins": 42,
            "fat": 24,
            "carbohydrates": 42,
            "calories": 99,
            "price": 15,
            "image": "https://code.s3.yandex.net/react/code/sauce-03.png",
            "image_mobile": "https://code.s3.yandex.net/react/code/sauce-03-mobile.png",
            "image_large": "https://code.s3.yandex.net/react/code/sauce-03-large.png",
            "__v": 0
        },
        {
            "_id": "61c0c5a71d1f82001bdaaa6c",
            "name": "Краторная булка N-200i",
            "type": "bun",
            "proteins": 80,
            "fat": 24,
            "carbohydrates": 53,
            "calories": 420,
            "price": 1255,
            "image": "https://code.s3.yandex.net/react/code/bun-02.png",
            "image_mobile": "https://code.s3.yandex.net/react/code/bun-02-mobile.png",
            "image_large": "https://code.s3.yandex.net/react/code/bun-02-large.png",
            "__v": 0
        },
        {
            "_id": "61c0c5a71d1f82001bdaaa75",
            "name": "Соус с шипами Антарианского плоскоходца",
            "type": "sauce",
            "proteins": 101,
            "fat": 99,
            "carbohydrates": 100,
            "calories": 100,
            "price": 88,
            "image": "https://code.s3.yandex.net/react/code/sauce-01.png",
            "image_mobile": "https://code.s3.yandex.net/react/code/sauce-01-mobile.png",
            "image_large": "https://code.s3.yandex.net/react/code/sauce-01-large.png",
            "__v": 0
        },
        {
            "_id": "61c0c5a71d1f82001bdaaa76",
            "name": "Хрустящие минеральные кольца",
            "type": "main",
            "proteins": 808,
            "fat": 689,
            "carbohydrates": 609,
            "calories": 986,
            "price": 300,
            "image": "https://code.s3.yandex.net/react/code/mineral_rings.png",
            "image_mobile": "https://code.s3.yandex.net/react/code/mineral_rings-mobile.png",
            "image_large": "https://code.s3.yandex.net/react/code/mineral_rings-large.png",
            "__v": 0
        },
        {
            "_id": "61c0c5a71d1f82001bdaaa77",
            "name": "Плоды Фалленианского дерева",
            "type": "main",
            "proteins": 20,
            "fat": 5,
            "carbohydrates": 55,
            "calories": 77,
            "price": 874,
            "image": "https://code.s3.yandex.net/react/code/sp_1.png",
            "image_mobile": "https://code.s3.yandex.net/react/code/sp_1-mobile.png",
            "image_large": "https://code.s3.yandex.net/react/code/sp_1-large.png",
            "__v": 0
        },
        {
            "_id": "61c0c5a71d1f82001bdaaa78",
            "name": "Кристаллы марсианских альфа-сахаридов",
            "type": "main",
            "proteins": 234,
            "fat": 432,
            "carbohydrates": 111,
            "calories": 189,
            "price": 762,
            "image": "https://code.s3.yandex.net/react/code/core.png",
            "image_mobile": "https://code.s3.yandex.net/react/code/core-mobile.png",
            "image_large": "https://code.s3.yandex.net/react/code/core-large.png",
            "__v": 0
        },
        {
            "_id": "61c0c5a71d1f82001bdaaa79",
            "name": "Мини-салат Экзо-Плантаго",
            "type": "main",
            "proteins": 1,
            "fat": 2,
            "carbohydrates": 3,
            "calories": 6,
            "price": 4400,
            "image": "https://code.s3.yandex.net/react/code/salad.png",
            "image_mobile": "https://code.s3.yandex.net/react/code/salad-mobile.png",
            "image_large": "https://code.s3.yandex.net/react/code/salad-large.png",
            "__v": 0
        },
        {
            "_id": "61c0c5a71d1f82001bdaaa7a",
            "name": "Сыр с астероидной плесенью",
            "type": "main",
            "proteins": 84,
            "fat": 48,
            "carbohydrates": 420,
            "calories": 3377,
            "price": 4142,
            "image": "https://code.s3.yandex.net/react/code/cheese.png",
            "image_mobile": "https://code.s3.yandex.net/react/code/cheese-mobile.png",
            "image_large": "https://code.s3.yandex.net/react/code/cheese-large.png",
            "__v": 0
        }
    ]
}
Request method:	POST
Request URI:	https://stellarburgers.education-services.ru/api/orders
Proxy:			<none>
Request params:	<none>
Query params:	<none>
Form params:	<none>
Path params:	<none>
Headers:		authorization=Bearer eyJhbGciOiJIUzI1NiIsInR5cCI6IkpXVCJ9.eyJpZCI6IjY5MGQxNGQ2OTg0MjcwMDAxYmRmNTY5OCIsImlhdCI6MTc2MjQ2NDk4MiwiZXhwIjoxNzYyNDY2MTgyfQ.-UNFRUUOOLWMHaW1j9imXul7nTimby7dG9mVXACkcuA
				Accept=*/*
				Content-Type=application/json
Cookies:		<none>
Multiparts:		<none>
Body:
{
    "ingredients": [
        "61c0c5a71d1f82001bdaaa6d",
        "61c0c5a71d1f82001bdaaa6f"
    ]
}
HTTP/1.1 200 OK
Server: nginx/1.24.0 (Ubuntu)
Date: Thu, 06 Nov 2025 21:36:25 GMT
Content-Type: application/json; charset=utf-8
Content-Length: 1297
Connection: keep-alive
X-Powered-By: Express
Access-Control-Allow-Origin: *
ETag: W/"511-BRxtBePc8vJDjO+m0IecvCgpU1A"

{
    "success": true,
    "name": "Флюоресцентный бессмертный бургер",
    "order": {
        "ingredients": [
            {
                "_id": "61c0c5a71d1f82001bdaaa6d",
                "name": "Флюоресцентная булка R2-D3",
                "type": "bun",
                "proteins": 44,
                "fat": 26,
                "carbohydrates": 85,
                "calories": 643,
                "price": 988,
                "image": "https://code.s3.yandex.net/react/code/bun-01.png",
                "image_mobile": "https://code.s3.yandex.net/react/code/bun-01-mobile.png",
                "image_large": "https://code.s3.yandex.net/react/code/bun-01-large.png",
                "__v": 0
            },
            {
                "_id": "61c0c5a71d1f82001bdaaa6f",
                "name": "Мясо бессмертных моллюсков Protostomia",
                "type": "main",
                "proteins": 433,
                "fat": 244,
                "carbohydrates": 33,
                "calories": 420,
                "price": 1337,
                "image": "https://code.s3.yandex.net/react/code/meat-02.png",
                "image_mobile": "https://code.s3.yandex.net/react/code/meat-02-mobile.png",
                "image_large": "https://code.s3.yandex.net/react/code/meat-02-large.png",
                "__v": 0
            }
        ],
        "_id": "690d14d6984270001bdf569a",
        "owner": {
            "name": "testUser1762464981744",
            "email": "testuser1762464981744@yandex.ru",
            "createdAt": "2025-11-06T21:36:22.015Z",
            "updatedAt": "2025-11-06T21:36:22.015Z"
        },
        "status": "done",
        "name": "Флюоресцентный бессмертный бургер",
        "createdAt": "2025-11-06T21:36:22.508Z",
        "updatedAt": "2025-11-06T21:36:24.394Z",
        "number": 315334,
        "price": 2325
    }
}
Request method:	DELETE
Request URI:	https://stellarburgers.education-services.ru/api/auth/user
Proxy:			<none>
Request params:	<none>
Query params:	<none>
Form params:	<none>
Path params:	<none>
Headers:		authorization=Bearer eyJhbGciOiJIUzI1NiIsInR5cCI6IkpXVCJ9.eyJpZCI6IjY5MGQxNGQ2OTg0MjcwMDAxYmRmNTY5OCIsImlhdCI6MTc2MjQ2NDk4MiwiZXhwIjoxNzYyNDY2MTgyfQ.-UNFRUUOOLWMHaW1j9imXul7nTimby7dG9mVXACkcuA
				Accept=*/*
				Content-Type=application/json
Cookies:		<none>
Multiparts:		<none>
Body:			<none>
HTTP/1.1 202 Accepted
Server: nginx/1.24.0 (Ubuntu)
Date: Thu, 06 Nov 2025 21:36:26 GMT
Content-Type: application/json; charset=utf-8
Content-Length: 54
Connection: keep-alive
X-Powered-By: Express
Access-Control-Allow-Origin: *
ETag: W/"36-hDmZnQ3Ou/ynnqAeC6TYmyseuzY"

{
    "success": true,
    "message": "User successfully removed"
}
]]></system-out>
  </testcase>
  <testcase name="TestOrderCreateWithInvalidHash" classname="OrderTests.OrderCreateTest" time="2.078">
    <system-out><![CDATA[Request method:	POST
Request URI:	https://stellarburgers.education-services.ru/api/auth/register
Proxy:			<none>
Request params:	<none>
Query params:	<none>
Form params:	<none>
Path params:	<none>
Headers:		Accept=*/*
				Content-Type=application/json
Cookies:		<none>
Multiparts:		<none>
Body:
{
    "email": "testUser1762464986324@yandex.ru",
    "password": "password123",
    "name": "testUser1762464986324"
}
HTTP/1.1 200 OK
Server: nginx/1.24.0 (Ubuntu)
Date: Thu, 06 Nov 2025 21:36:26 GMT
Content-Type: application/json; charset=utf-8
Content-Length: 391
Connection: keep-alive
X-Powered-By: Express
Access-Control-Allow-Origin: *
authorization: Bearer eyJhbGciOiJIUzI1NiIsInR5cCI6IkpXVCJ9.eyJpZCI6IjY5MGQxNGRhOTg0MjcwMDAxYmRmNTY5YyIsImlhdCI6MTc2MjQ2NDk4NiwiZXhwIjoxNzYyNDY2MTg2fQ.PwGYshV3bL_e8Mc3woF7NUvbLYAGd2gCf8WWcBYg9d4
ETag: W/"187-+IOL1+n48z90aBYzfFnDwM15va0"

{
    "success": true,
    "user": {
        "email": "testuser1762464986324@yandex.ru",
        "name": "testUser1762464986324"
    },
    "accessToken": "Bearer eyJhbGciOiJIUzI1NiIsInR5cCI6IkpXVCJ9.eyJpZCI6IjY5MGQxNGRhOTg0MjcwMDAxYmRmNTY5YyIsImlhdCI6MTc2MjQ2NDk4NiwiZXhwIjoxNzYyNDY2MTg2fQ.PwGYshV3bL_e8Mc3woF7NUvbLYAGd2gCf8WWcBYg9d4",
    "refreshToken": "66676bf4eacbba5aa7a5d5c463ff097ecde8fd63045b1b17fbeb4b87c1eda014ddd72fc35940ed5e"
}
Request method:	GET
Request URI:	https://stellarburgers.education-services.ru/api/ingredients
Proxy:			<none>
Request params:	<none>
Query params:	<none>
Form params:	<none>
Path params:	<none>
Headers:		Accept=*/*
				Content-Type=application/json
Cookies:		<none>
Multiparts:		<none>
Body:			<none>
HTTP/1.1 200 OK
Server: nginx/1.24.0 (Ubuntu)
Date: Thu, 06 Nov 2025 21:36:26 GMT
Content-Type: application/json; charset=utf-8
Content-Length: 5957
Connection: keep-alive
X-Powered-By: Express
Access-Control-Allow-Origin: *
ETag: W/"1745-LHZ7D8kBZWcbCGljCoPXtjB5CeA"

{
    "success": true,
    "data": [
        {
            "_id": "61c0c5a71d1f82001bdaaa6d",
            "name": "Флюоресцентная булка R2-D3",
            "type": "bun",
            "proteins": 44,
            "fat": 26,
            "carbohydrates": 85,
            "calories": 643,
            "price": 988,
            "image": "https://code.s3.yandex.net/react/code/bun-01.png",
            "image_mobile": "https://code.s3.yandex.net/react/code/bun-01-mobile.png",
            "image_large": "https://code.s3.yandex.net/react/code/bun-01-large.png",
            "__v": 0
        },
        {
            "_id": "61c0c5a71d1f82001bdaaa6f",
            "name": "Мясо бессмертных моллюсков Protostomia",
            "type": "main",
            "proteins": 433,
            "fat": 244,
            "carbohydrates": 33,
            "calories": 420,
            "price": 1337,
            "image": "https://code.s3.yandex.net/react/code/meat-02.png",
            "image_mobile": "https://code.s3.yandex.net/react/code/meat-02-mobile.png",
            "image_large": "https://code.s3.yandex.net/react/code/meat-02-large.png",
            "__v": 0
        },
        {
            "_id": "61c0c5a71d1f82001bdaaa70",
            "name": "Говяжий метеорит (отбивная)",
            "type": "main",
            "proteins": 800,
            "fat": 800,
            "carbohydrates": 300,
            "calories": 2674,
            "price": 3000,
            "image": "https://code.s3.yandex.net/react/code/meat-04.png",
            "image_mobile": "https://code.s3.yandex.net/react/code/meat-04-mobile.png",
            "image_large": "https://code.s3.yandex.net/react/code/meat-04-large.png",
            "__v": 0
        },
        {
            "_id": "61c0c5a71d1f82001bdaaa71",
            "name": "Биокотлета из марсианской Магнолии",
            "type": "main",
            "proteins": 420,
            "fat": 142,
            "carbohydrates": 242,
            "calories": 4242,
            "price": 424,
            "image": "https://code.s3.yandex.net/react/code/meat-01.png",
            "image_mobile": "https://code.s3.yandex.net/react/code/meat-01-mobile.png",
            "image_large": "https://code.s3.yandex.net/react/code/meat-01-large.png",
            "__v": 0
        },
        {
            "_id": "61c0c5a71d1f82001bdaaa72",
            "name": "Соус Spicy-X",
            "type": "sauce",
            "proteins": 30,
            "fat": 20,
            "carbohydrates": 40,
            "calories": 30,
            "price": 90,
            "image": "https://code.s3.yandex.net/react/code/sauce-02.png",
            "image_mobile": "https://code.s3.yandex.net/react/code/sauce-02-mobile.png",
            "image_large": "https://code.s3.yandex.net/react/code/sauce-02-large.png",
            "__v": 0
        },
        {
            "_id": "61c0c5a71d1f82001bdaaa6e",
            "name": "Филе Люминесцентного тетраодонтимформа",
            "type": "main",
            "proteins": 44,
            "fat": 26,
            "carbohydrates": 85,
            "calories": 643,
            "price": 988,
            "image": "https://code.s3.yandex.net/react/code/meat-03.png",
            "image_mobile": "https://code.s3.yandex.net/react/code/meat-03-mobile.png",
            "image_large": "https://code.s3.yandex.net/react/code/meat-03-large.png",
            "__v": 0
        },
        {
            "_id": "61c0c5a71d1f82001bdaaa73",
            "name": "Соус фирменный Space Sauce",
            "type": "sauce",
            "proteins": 50,
            "fat": 22,
            "carbohydrates": 11,
            "calories": 14,
            "price": 80,
            "image": "https://code.s3.yandex.net/react/code/sauce-04.png",
            "image_mobile": "https://code.s3.yandex.net/react/code/sauce-04-mobile.png",
            "image_large": "https://code.s3.yandex.net/react/code/sauce-04-large.png",
            "__v": 0
        },
        {
            "_id": "61c0c5a71d1f82001bdaaa74",
            "name": "Соус традиционный галактический",
            "type": "sauce",
            "proteins": 42,
            "fat": 24,
            "carbohydrates": 42,
            "calories": 99,
            "price": 15,
            "image": "https://code.s3.yandex.net/react/code/sauce-03.png",
            "image_mobile": "https://code.s3.yandex.net/react/code/sauce-03-mobile.png",
            "image_large": "https://code.s3.yandex.net/react/code/sauce-03-large.png",
            "__v": 0
        },
        {
            "_id": "61c0c5a71d1f82001bdaaa6c",
            "name": "Краторная булка N-200i",
            "type": "bun",
            "proteins": 80,
            "fat": 24,
            "carbohydrates": 53,
            "calories": 420,
            "price": 1255,
            "image": "https://code.s3.yandex.net/react/code/bun-02.png",
            "image_mobile": "https://code.s3.yandex.net/react/code/bun-02-mobile.png",
            "image_large": "https://code.s3.yandex.net/react/code/bun-02-large.png",
            "__v": 0
        },
        {
            "_id": "61c0c5a71d1f82001bdaaa75",
            "name": "Соус с шипами Антарианского плоскоходца",
            "type": "sauce",
            "proteins": 101,
            "fat": 99,
            "carbohydrates": 100,
            "calories": 100,
            "price": 88,
            "image": "https://code.s3.yandex.net/react/code/sauce-01.png",
            "image_mobile": "https://code.s3.yandex.net/react/code/sauce-01-mobile.png",
            "image_large": "https://code.s3.yandex.net/react/code/sauce-01-large.png",
            "__v": 0
        },
        {
            "_id": "61c0c5a71d1f82001bdaaa76",
            "name": "Хрустящие минеральные кольца",
            "type": "main",
            "proteins": 808,
            "fat": 689,
            "carbohydrates": 609,
            "calories": 986,
            "price": 300,
            "image": "https://code.s3.yandex.net/react/code/mineral_rings.png",
            "image_mobile": "https://code.s3.yandex.net/react/code/mineral_rings-mobile.png",
            "image_large": "https://code.s3.yandex.net/react/code/mineral_rings-large.png",
            "__v": 0
        },
        {
            "_id": "61c0c5a71d1f82001bdaaa77",
            "name": "Плоды Фалленианского дерева",
            "type": "main",
            "proteins": 20,
            "fat": 5,
            "carbohydrates": 55,
            "calories": 77,
            "price": 874,
            "image": "https://code.s3.yandex.net/react/code/sp_1.png",
            "image_mobile": "https://code.s3.yandex.net/react/code/sp_1-mobile.png",
            "image_large": "https://code.s3.yandex.net/react/code/sp_1-large.png",
            "__v": 0
        },
        {
            "_id": "61c0c5a71d1f82001bdaaa78",
            "name": "Кристаллы марсианских альфа-сахаридов",
            "type": "main",
            "proteins": 234,
            "fat": 432,
            "carbohydrates": 111,
            "calories": 189,
            "price": 762,
            "image": "https://code.s3.yandex.net/react/code/core.png",
            "image_mobile": "https://code.s3.yandex.net/react/code/core-mobile.png",
            "image_large": "https://code.s3.yandex.net/react/code/core-large.png",
            "__v": 0
        },
        {
            "_id": "61c0c5a71d1f82001bdaaa79",
            "name": "Мини-салат Экзо-Плантаго",
            "type": "main",
            "proteins": 1,
            "fat": 2,
            "carbohydrates": 3,
            "calories": 6,
            "price": 4400,
            "image": "https://code.s3.yandex.net/react/code/salad.png",
            "image_mobile": "https://code.s3.yandex.net/react/code/salad-mobile.png",
            "image_large": "https://code.s3.yandex.net/react/code/salad-large.png",
            "__v": 0
        },
        {
            "_id": "61c0c5a71d1f82001bdaaa7a",
            "name": "Сыр с астероидной плесенью",
            "type": "main",
            "proteins": 84,
            "fat": 48,
            "carbohydrates": 420,
            "calories": 3377,
            "price": 4142,
            "image": "https://code.s3.yandex.net/react/code/cheese.png",
            "image_mobile": "https://code.s3.yandex.net/react/code/cheese-mobile.png",
            "image_large": "https://code.s3.yandex.net/react/code/cheese-large.png",
            "__v": 0
        }
    ]
}
Request method:	POST
Request URI:	https://stellarburgers.education-services.ru/api/orders
Proxy:			<none>
Request params:	<none>
Query params:	<none>
Form params:	<none>
Path params:	<none>
Headers:		authorization=Bearer eyJhbGciOiJIUzI1NiIsInR5cCI6IkpXVCJ9.eyJpZCI6IjY5MGQxNGRhOTg0MjcwMDAxYmRmNTY5YyIsImlhdCI6MTc2MjQ2NDk4NiwiZXhwIjoxNzYyNDY2MTg2fQ.PwGYshV3bL_e8Mc3woF7NUvbLYAGd2gCf8WWcBYg9d4
				Accept=*/*
				Content-Type=application/json
Cookies:		<none>
Multiparts:		<none>
Body:
{
    "ingredients": [
        "dd"
    ]
}
HTTP/1.1 500 Internal Server Error
Server: nginx/1.24.0 (Ubuntu)
Date: Thu, 06 Nov 2025 21:36:27 GMT
Content-Type: text/html; charset=utf-8
Content-Length: 148
Connection: keep-alive
X-Powered-By: Express
Access-Control-Allow-Origin: *
Content-Security-Policy: default-src 'none'
X-Content-Type-Options: nosniff

<html lang="en">
  <head>
    <meta charset="utf-8"/>
    <title>Error</title>
  </head>
  <body>
    <pre>Internal Server Error</pre>
  </body>
</html>
HTTP/1.1 500 Internal Server Error
Server: nginx/1.24.0 (Ubuntu)
Date: Thu, 06 Nov 2025 21:36:27 GMT
Content-Type: text/html; charset=utf-8
Content-Length: 148
Connection: keep-alive
X-Powered-By: Express
Access-Control-Allow-Origin: *
Content-Security-Policy: default-src 'none'
X-Content-Type-Options: nosniff

<html lang="en">
  <head>
    <meta charset="utf-8"/>
    <title>Error</title>
  </head>
  <body>
    <pre>Internal Server Error</pre>
  </body>
</html>
Request method:	DELETE
Request URI:	https://stellarburgers.education-services.ru/api/auth/user
Proxy:			<none>
Request params:	<none>
Query params:	<none>
Form params:	<none>
Path params:	<none>
Headers:		authorization=Bearer eyJhbGciOiJIUzI1NiIsInR5cCI6IkpXVCJ9.eyJpZCI6IjY5MGQxNGRhOTg0MjcwMDAxYmRmNTY5YyIsImlhdCI6MTc2MjQ2NDk4NiwiZXhwIjoxNzYyNDY2MTg2fQ.PwGYshV3bL_e8Mc3woF7NUvbLYAGd2gCf8WWcBYg9d4
				Accept=*/*
				Content-Type=application/json
Cookies:		<none>
Multiparts:		<none>
Body:			<none>
HTTP/1.1 202 Accepted
Server: nginx/1.24.0 (Ubuntu)
Date: Thu, 06 Nov 2025 21:36:28 GMT
Content-Type: application/json; charset=utf-8
Content-Length: 54
Connection: keep-alive
X-Powered-By: Express
Access-Control-Allow-Origin: *
ETag: W/"36-hDmZnQ3Ou/ynnqAeC6TYmyseuzY"

{
    "success": true,
    "message": "User successfully removed"
}
]]></system-out>
  </testcase>
  <testcase name="TestOrderCreateWithAuth" classname="OrderTests.OrderCreateTest" time="4.459">
    <system-out><![CDATA[Request method:	POST
Request URI:	https://stellarburgers.education-services.ru/api/auth/register
Proxy:			<none>
Request params:	<none>
Query params:	<none>
Form params:	<none>
Path params:	<none>
Headers:		Accept=*/*
				Content-Type=application/json
Cookies:		<none>
Multiparts:		<none>
Body:
{
    "email": "testUser1762464988426@yandex.ru",
    "password": "password123",
    "name": "testUser1762464988426"
}
HTTP/1.1 200 OK
Server: nginx/1.24.0 (Ubuntu)
Date: Thu, 06 Nov 2025 21:36:28 GMT
Content-Type: application/json; charset=utf-8
Content-Length: 391
Connection: keep-alive
X-Powered-By: Express
Access-Control-Allow-Origin: *
authorization: Bearer eyJhbGciOiJIUzI1NiIsInR5cCI6IkpXVCJ9.eyJpZCI6IjY5MGQxNGRjOTg0MjcwMDAxYmRmNTY5ZSIsImlhdCI6MTc2MjQ2NDk4OCwiZXhwIjoxNzYyNDY2MTg4fQ.lxAXbQ36h81JYxrdgdetQTVaxSrkqS57wOhP_7WXzTY
ETag: W/"187-R3LzNaOWArhxxUW6K+Tng24ZE8Y"

{
    "success": true,
    "user": {
        "email": "testuser1762464988426@yandex.ru",
        "name": "testUser1762464988426"
    },
    "accessToken": "Bearer eyJhbGciOiJIUzI1NiIsInR5cCI6IkpXVCJ9.eyJpZCI6IjY5MGQxNGRjOTg0MjcwMDAxYmRmNTY5ZSIsImlhdCI6MTc2MjQ2NDk4OCwiZXhwIjoxNzYyNDY2MTg4fQ.lxAXbQ36h81JYxrdgdetQTVaxSrkqS57wOhP_7WXzTY",
    "refreshToken": "5e13fe15c2d62e114fbf1fbf08859613d839305e90b27f729dc5567385a29a61ba40b88ba07fa1e8"
}
Request method:	GET
Request URI:	https://stellarburgers.education-services.ru/api/ingredients
Proxy:			<none>
Request params:	<none>
Query params:	<none>
Form params:	<none>
Path params:	<none>
Headers:		Accept=*/*
				Content-Type=application/json
Cookies:		<none>
Multiparts:		<none>
Body:			<none>
HTTP/1.1 200 OK
Server: nginx/1.24.0 (Ubuntu)
Date: Thu, 06 Nov 2025 21:36:28 GMT
Content-Type: application/json; charset=utf-8
Content-Length: 5957
Connection: keep-alive
X-Powered-By: Express
Access-Control-Allow-Origin: *
ETag: W/"1745-LHZ7D8kBZWcbCGljCoPXtjB5CeA"

{
    "success": true,
    "data": [
        {
            "_id": "61c0c5a71d1f82001bdaaa6d",
            "name": "Флюоресцентная булка R2-D3",
            "type": "bun",
            "proteins": 44,
            "fat": 26,
            "carbohydrates": 85,
            "calories": 643,
            "price": 988,
            "image": "https://code.s3.yandex.net/react/code/bun-01.png",
            "image_mobile": "https://code.s3.yandex.net/react/code/bun-01-mobile.png",
            "image_large": "https://code.s3.yandex.net/react/code/bun-01-large.png",
            "__v": 0
        },
        {
            "_id": "61c0c5a71d1f82001bdaaa6f",
            "name": "Мясо бессмертных моллюсков Protostomia",
            "type": "main",
            "proteins": 433,
            "fat": 244,
            "carbohydrates": 33,
            "calories": 420,
            "price": 1337,
            "image": "https://code.s3.yandex.net/react/code/meat-02.png",
            "image_mobile": "https://code.s3.yandex.net/react/code/meat-02-mobile.png",
            "image_large": "https://code.s3.yandex.net/react/code/meat-02-large.png",
            "__v": 0
        },
        {
            "_id": "61c0c5a71d1f82001bdaaa70",
            "name": "Говяжий метеорит (отбивная)",
            "type": "main",
            "proteins": 800,
            "fat": 800,
            "carbohydrates": 300,
            "calories": 2674,
            "price": 3000,
            "image": "https://code.s3.yandex.net/react/code/meat-04.png",
            "image_mobile": "https://code.s3.yandex.net/react/code/meat-04-mobile.png",
            "image_large": "https://code.s3.yandex.net/react/code/meat-04-large.png",
            "__v": 0
        },
        {
            "_id": "61c0c5a71d1f82001bdaaa71",
            "name": "Биокотлета из марсианской Магнолии",
            "type": "main",
            "proteins": 420,
            "fat": 142,
            "carbohydrates": 242,
            "calories": 4242,
            "price": 424,
            "image": "https://code.s3.yandex.net/react/code/meat-01.png",
            "image_mobile": "https://code.s3.yandex.net/react/code/meat-01-mobile.png",
            "image_large": "https://code.s3.yandex.net/react/code/meat-01-large.png",
            "__v": 0
        },
        {
            "_id": "61c0c5a71d1f82001bdaaa72",
            "name": "Соус Spicy-X",
            "type": "sauce",
            "proteins": 30,
            "fat": 20,
            "carbohydrates": 40,
            "calories": 30,
            "price": 90,
            "image": "https://code.s3.yandex.net/react/code/sauce-02.png",
            "image_mobile": "https://code.s3.yandex.net/react/code/sauce-02-mobile.png",
            "image_large": "https://code.s3.yandex.net/react/code/sauce-02-large.png",
            "__v": 0
        },
        {
            "_id": "61c0c5a71d1f82001bdaaa6e",
            "name": "Филе Люминесцентного тетраодонтимформа",
            "type": "main",
            "proteins": 44,
            "fat": 26,
            "carbohydrates": 85,
            "calories": 643,
            "price": 988,
            "image": "https://code.s3.yandex.net/react/code/meat-03.png",
            "image_mobile": "https://code.s3.yandex.net/react/code/meat-03-mobile.png",
            "image_large": "https://code.s3.yandex.net/react/code/meat-03-large.png",
            "__v": 0
        },
        {
            "_id": "61c0c5a71d1f82001bdaaa73",
            "name": "Соус фирменный Space Sauce",
            "type": "sauce",
            "proteins": 50,
            "fat": 22,
            "carbohydrates": 11,
            "calories": 14,
            "price": 80,
            "image": "https://code.s3.yandex.net/react/code/sauce-04.png",
            "image_mobile": "https://code.s3.yandex.net/react/code/sauce-04-mobile.png",
            "image_large": "https://code.s3.yandex.net/react/code/sauce-04-large.png",
            "__v": 0
        },
        {
            "_id": "61c0c5a71d1f82001bdaaa74",
            "name": "Соус традиционный галактический",
            "type": "sauce",
            "proteins": 42,
            "fat": 24,
            "carbohydrates": 42,
            "calories": 99,
            "price": 15,
            "image": "https://code.s3.yandex.net/react/code/sauce-03.png",
            "image_mobile": "https://code.s3.yandex.net/react/code/sauce-03-mobile.png",
            "image_large": "https://code.s3.yandex.net/react/code/sauce-03-large.png",
            "__v": 0
        },
        {
            "_id": "61c0c5a71d1f82001bdaaa6c",
            "name": "Краторная булка N-200i",
            "type": "bun",
            "proteins": 80,
            "fat": 24,
            "carbohydrates": 53,
            "calories": 420,
            "price": 1255,
            "image": "https://code.s3.yandex.net/react/code/bun-02.png",
            "image_mobile": "https://code.s3.yandex.net/react/code/bun-02-mobile.png",
            "image_large": "https://code.s3.yandex.net/react/code/bun-02-large.png",
            "__v": 0
        },
        {
            "_id": "61c0c5a71d1f82001bdaaa75",
            "name": "Соус с шипами Антарианского плоскоходца",
            "type": "sauce",
            "proteins": 101,
            "fat": 99,
            "carbohydrates": 100,
            "calories": 100,
            "price": 88,
            "image": "https://code.s3.yandex.net/react/code/sauce-01.png",
            "image_mobile": "https://code.s3.yandex.net/react/code/sauce-01-mobile.png",
            "image_large": "https://code.s3.yandex.net/react/code/sauce-01-large.png",
            "__v": 0
        },
        {
            "_id": "61c0c5a71d1f82001bdaaa76",
            "name": "Хрустящие минеральные кольца",
            "type": "main",
            "proteins": 808,
            "fat": 689,
            "carbohydrates": 609,
            "calories": 986,
            "price": 300,
            "image": "https://code.s3.yandex.net/react/code/mineral_rings.png",
            "image_mobile": "https://code.s3.yandex.net/react/code/mineral_rings-mobile.png",
            "image_large": "https://code.s3.yandex.net/react/code/mineral_rings-large.png",
            "__v": 0
        },
        {
            "_id": "61c0c5a71d1f82001bdaaa77",
            "name": "Плоды Фалленианского дерева",
            "type": "main",
            "proteins": 20,
            "fat": 5,
            "carbohydrates": 55,
            "calories": 77,
            "price": 874,
            "image": "https://code.s3.yandex.net/react/code/sp_1.png",
            "image_mobile": "https://code.s3.yandex.net/react/code/sp_1-mobile.png",
            "image_large": "https://code.s3.yandex.net/react/code/sp_1-large.png",
            "__v": 0
        },
        {
            "_id": "61c0c5a71d1f82001bdaaa78",
            "name": "Кристаллы марсианских альфа-сахаридов",
            "type": "main",
            "proteins": 234,
            "fat": 432,
            "carbohydrates": 111,
            "calories": 189,
            "price": 762,
            "image": "https://code.s3.yandex.net/react/code/core.png",
            "image_mobile": "https://code.s3.yandex.net/react/code/core-mobile.png",
            "image_large": "https://code.s3.yandex.net/react/code/core-large.png",
            "__v": 0
        },
        {
            "_id": "61c0c5a71d1f82001bdaaa79",
            "name": "Мини-салат Экзо-Плантаго",
            "type": "main",
            "proteins": 1,
            "fat": 2,
            "carbohydrates": 3,
            "calories": 6,
            "price": 4400,
            "image": "https://code.s3.yandex.net/react/code/salad.png",
            "image_mobile": "https://code.s3.yandex.net/react/code/salad-mobile.png",
            "image_large": "https://code.s3.yandex.net/react/code/salad-large.png",
            "__v": 0
        },
        {
            "_id": "61c0c5a71d1f82001bdaaa7a",
            "name": "Сыр с астероидной плесенью",
            "type": "main",
            "proteins": 84,
            "fat": 48,
            "carbohydrates": 420,
            "calories": 3377,
            "price": 4142,
            "image": "https://code.s3.yandex.net/react/code/cheese.png",
            "image_mobile": "https://code.s3.yandex.net/react/code/cheese-mobile.png",
            "image_large": "https://code.s3.yandex.net/react/code/cheese-large.png",
            "__v": 0
        }
    ]
}
Request method:	POST
Request URI:	https://stellarburgers.education-services.ru/api/orders
Proxy:			<none>
Request params:	<none>
Query params:	<none>
Form params:	<none>
Path params:	<none>
Headers:		authorization=Bearer eyJhbGciOiJIUzI1NiIsInR5cCI6IkpXVCJ9.eyJpZCI6IjY5MGQxNGRjOTg0MjcwMDAxYmRmNTY5ZSIsImlhdCI6MTc2MjQ2NDk4OCwiZXhwIjoxNzYyNDY2MTg4fQ.lxAXbQ36h81JYxrdgdetQTVaxSrkqS57wOhP_7WXzTY
				Accept=*/*
				Content-Type=application/json
Cookies:		<none>
Multiparts:		<none>
Body:
{
    "ingredients": [
        "61c0c5a71d1f82001bdaaa6d",
        "61c0c5a71d1f82001bdaaa6f"
    ]
}
HTTP/1.1 200 OK
Server: nginx/1.24.0 (Ubuntu)
Date: Thu, 06 Nov 2025 21:36:31 GMT
Content-Type: application/json; charset=utf-8
Content-Length: 1297
Connection: keep-alive
X-Powered-By: Express
Access-Control-Allow-Origin: *
ETag: W/"511-KjrNxY8lGqIOH232G8Ymm3AaZGA"

{
    "success": true,
    "name": "Флюоресцентный бессмертный бургер",
    "order": {
        "ingredients": [
            {
                "_id": "61c0c5a71d1f82001bdaaa6d",
                "name": "Флюоресцентная булка R2-D3",
                "type": "bun",
                "proteins": 44,
                "fat": 26,
                "carbohydrates": 85,
                "calories": 643,
                "price": 988,
                "image": "https://code.s3.yandex.net/react/code/bun-01.png",
                "image_mobile": "https://code.s3.yandex.net/react/code/bun-01-mobile.png",
                "image_large": "https://code.s3.yandex.net/react/code/bun-01-large.png",
                "__v": 0
            },
            {
                "_id": "61c0c5a71d1f82001bdaaa6f",
                "name": "Мясо бессмертных моллюсков Protostomia",
                "type": "main",
                "proteins": 433,
                "fat": 244,
                "carbohydrates": 33,
                "calories": 420,
                "price": 1337,
                "image": "https://code.s3.yandex.net/react/code/meat-02.png",
                "image_mobile": "https://code.s3.yandex.net/react/code/meat-02-mobile.png",
                "image_large": "https://code.s3.yandex.net/react/code/meat-02-large.png",
                "__v": 0
            }
        ],
        "_id": "690d14dd984270001bdf56a0",
        "owner": {
            "name": "testUser1762464988426",
            "email": "testuser1762464988426@yandex.ru",
            "createdAt": "2025-11-06T21:36:28.688Z",
            "updatedAt": "2025-11-06T21:36:28.688Z"
        },
        "status": "done",
        "name": "Флюоресцентный бессмертный бургер",
        "createdAt": "2025-11-06T21:36:29.174Z",
        "updatedAt": "2025-11-06T21:36:30.979Z",
        "number": 315335,
        "price": 2325
    }
}
Request method:	DELETE
Request URI:	https://stellarburgers.education-services.ru/api/auth/user
Proxy:			<none>
Request params:	<none>
Query params:	<none>
Form params:	<none>
Path params:	<none>
Headers:		authorization=Bearer eyJhbGciOiJIUzI1NiIsInR5cCI6IkpXVCJ9.eyJpZCI6IjY5MGQxNGRjOTg0MjcwMDAxYmRmNTY5ZSIsImlhdCI6MTc2MjQ2NDk4OCwiZXhwIjoxNzYyNDY2MTg4fQ.lxAXbQ36h81JYxrdgdetQTVaxSrkqS57wOhP_7WXzTY
				Accept=*/*
				Content-Type=application/json
Cookies:		<none>
Multiparts:		<none>
Body:			<none>
HTTP/1.1 202 Accepted
Server: nginx/1.24.0 (Ubuntu)
Date: Thu, 06 Nov 2025 21:36:32 GMT
Content-Type: application/json; charset=utf-8
Content-Length: 54
Connection: keep-alive
X-Powered-By: Express
Access-Control-Allow-Origin: *
ETag: W/"36-hDmZnQ3Ou/ynnqAeC6TYmyseuzY"

{
    "success": true,
    "message": "User successfully removed"
}
]]></system-out>
  </testcase>
  <testcase name="TestOrderCreateWithoutAuth" classname="OrderTests.OrderCreateTest" time="1.507">
    <system-out><![CDATA[Request method:	POST
Request URI:	https://stellarburgers.education-services.ru/api/auth/register
Proxy:			<none>
Request params:	<none>
Query params:	<none>
Form params:	<none>
Path params:	<none>
Headers:		Accept=*/*
				Content-Type=application/json
Cookies:		<none>
Multiparts:		<none>
Body:
{
    "email": "testUser1762464992874@yandex.ru",
    "password": "password123",
    "name": "testUser1762464992874"
}
HTTP/1.1 200 OK
Server: nginx/1.24.0 (Ubuntu)
Date: Thu, 06 Nov 2025 21:36:33 GMT
Content-Type: application/json; charset=utf-8
Content-Length: 391
Connection: keep-alive
X-Powered-By: Express
Access-Control-Allow-Origin: *
authorization: Bearer eyJhbGciOiJIUzI1NiIsInR5cCI6IkpXVCJ9.eyJpZCI6IjY5MGQxNGUxOTg0MjcwMDAxYmRmNTZhMSIsImlhdCI6MTc2MjQ2NDk5MywiZXhwIjoxNzYyNDY2MTkzfQ.Q5hbV9jP3bqb4YKURNWNAuda2XgfdPjvq-Tu8E7ehRo
ETag: W/"187-jvbL8EL7u25QuhChTLnWdpsUNUY"

{
    "success": true,
    "user": {
        "email": "testuser1762464992874@yandex.ru",
        "name": "testUser1762464992874"
    },
    "accessToken": "Bearer eyJhbGciOiJIUzI1NiIsInR5cCI6IkpXVCJ9.eyJpZCI6IjY5MGQxNGUxOTg0MjcwMDAxYmRmNTZhMSIsImlhdCI6MTc2MjQ2NDk5MywiZXhwIjoxNzYyNDY2MTkzfQ.Q5hbV9jP3bqb4YKURNWNAuda2XgfdPjvq-Tu8E7ehRo",
    "refreshToken": "76a280f887e43405c4987c5e73538e7979d339a2c07cbf3e1a06c7bf2fadc0c70ffa0c2a05053cf3"
}
Request method:	GET
Request URI:	https://stellarburgers.education-services.ru/api/ingredients
Proxy:			<none>
Request params:	<none>
Query params:	<none>
Form params:	<none>
Path params:	<none>
Headers:		Accept=*/*
				Content-Type=application/json
Cookies:		<none>
Multiparts:		<none>
Body:			<none>
HTTP/1.1 200 OK
Server: nginx/1.24.0 (Ubuntu)
Date: Thu, 06 Nov 2025 21:36:33 GMT
Content-Type: application/json; charset=utf-8
Content-Length: 5957
Connection: keep-alive
X-Powered-By: Express
Access-Control-Allow-Origin: *
ETag: W/"1745-LHZ7D8kBZWcbCGljCoPXtjB5CeA"

{
    "success": true,
    "data": [
        {
            "_id": "61c0c5a71d1f82001bdaaa6d",
            "name": "Флюоресцентная булка R2-D3",
            "type": "bun",
            "proteins": 44,
            "fat": 26,
            "carbohydrates": 85,
            "calories": 643,
            "price": 988,
            "image": "https://code.s3.yandex.net/react/code/bun-01.png",
            "image_mobile": "https://code.s3.yandex.net/react/code/bun-01-mobile.png",
            "image_large": "https://code.s3.yandex.net/react/code/bun-01-large.png",
            "__v": 0
        },
        {
            "_id": "61c0c5a71d1f82001bdaaa6f",
            "name": "Мясо бессмертных моллюсков Protostomia",
            "type": "main",
            "proteins": 433,
            "fat": 244,
            "carbohydrates": 33,
            "calories": 420,
            "price": 1337,
            "image": "https://code.s3.yandex.net/react/code/meat-02.png",
            "image_mobile": "https://code.s3.yandex.net/react/code/meat-02-mobile.png",
            "image_large": "https://code.s3.yandex.net/react/code/meat-02-large.png",
            "__v": 0
        },
        {
            "_id": "61c0c5a71d1f82001bdaaa70",
            "name": "Говяжий метеорит (отбивная)",
            "type": "main",
            "proteins": 800,
            "fat": 800,
            "carbohydrates": 300,
            "calories": 2674,
            "price": 3000,
            "image": "https://code.s3.yandex.net/react/code/meat-04.png",
            "image_mobile": "https://code.s3.yandex.net/react/code/meat-04-mobile.png",
            "image_large": "https://code.s3.yandex.net/react/code/meat-04-large.png",
            "__v": 0
        },
        {
            "_id": "61c0c5a71d1f82001bdaaa71",
            "name": "Биокотлета из марсианской Магнолии",
            "type": "main",
            "proteins": 420,
            "fat": 142,
            "carbohydrates": 242,
            "calories": 4242,
            "price": 424,
            "image": "https://code.s3.yandex.net/react/code/meat-01.png",
            "image_mobile": "https://code.s3.yandex.net/react/code/meat-01-mobile.png",
            "image_large": "https://code.s3.yandex.net/react/code/meat-01-large.png",
            "__v": 0
        },
        {
            "_id": "61c0c5a71d1f82001bdaaa72",
            "name": "Соус Spicy-X",
            "type": "sauce",
            "proteins": 30,
            "fat": 20,
            "carbohydrates": 40,
            "calories": 30,
            "price": 90,
            "image": "https://code.s3.yandex.net/react/code/sauce-02.png",
            "image_mobile": "https://code.s3.yandex.net/react/code/sauce-02-mobile.png",
            "image_large": "https://code.s3.yandex.net/react/code/sauce-02-large.png",
            "__v": 0
        },
        {
            "_id": "61c0c5a71d1f82001bdaaa6e",
            "name": "Филе Люминесцентного тетраодонтимформа",
            "type": "main",
            "proteins": 44,
            "fat": 26,
            "carbohydrates": 85,
            "calories": 643,
            "price": 988,
            "image": "https://code.s3.yandex.net/react/code/meat-03.png",
            "image_mobile": "https://code.s3.yandex.net/react/code/meat-03-mobile.png",
            "image_large": "https://code.s3.yandex.net/react/code/meat-03-large.png",
            "__v": 0
        },
        {
            "_id": "61c0c5a71d1f82001bdaaa73",
            "name": "Соус фирменный Space Sauce",
            "type": "sauce",
            "proteins": 50,
            "fat": 22,
            "carbohydrates": 11,
            "calories": 14,
            "price": 80,
            "image": "https://code.s3.yandex.net/react/code/sauce-04.png",
            "image_mobile": "https://code.s3.yandex.net/react/code/sauce-04-mobile.png",
            "image_large": "https://code.s3.yandex.net/react/code/sauce-04-large.png",
            "__v": 0
        },
        {
            "_id": "61c0c5a71d1f82001bdaaa74",
            "name": "Соус традиционный галактический",
            "type": "sauce",
            "proteins": 42,
            "fat": 24,
            "carbohydrates": 42,
            "calories": 99,
            "price": 15,
            "image": "https://code.s3.yandex.net/react/code/sauce-03.png",
            "image_mobile": "https://code.s3.yandex.net/react/code/sauce-03-mobile.png",
            "image_large": "https://code.s3.yandex.net/react/code/sauce-03-large.png",
            "__v": 0
        },
        {
            "_id": "61c0c5a71d1f82001bdaaa6c",
            "name": "Краторная булка N-200i",
            "type": "bun",
            "proteins": 80,
            "fat": 24,
            "carbohydrates": 53,
            "calories": 420,
            "price": 1255,
            "image": "https://code.s3.yandex.net/react/code/bun-02.png",
            "image_mobile": "https://code.s3.yandex.net/react/code/bun-02-mobile.png",
            "image_large": "https://code.s3.yandex.net/react/code/bun-02-large.png",
            "__v": 0
        },
        {
            "_id": "61c0c5a71d1f82001bdaaa75",
            "name": "Соус с шипами Антарианского плоскоходца",
            "type": "sauce",
            "proteins": 101,
            "fat": 99,
            "carbohydrates": 100,
            "calories": 100,
            "price": 88,
            "image": "https://code.s3.yandex.net/react/code/sauce-01.png",
            "image_mobile": "https://code.s3.yandex.net/react/code/sauce-01-mobile.png",
            "image_large": "https://code.s3.yandex.net/react/code/sauce-01-large.png",
            "__v": 0
        },
        {
            "_id": "61c0c5a71d1f82001bdaaa76",
            "name": "Хрустящие минеральные кольца",
            "type": "main",
            "proteins": 808,
            "fat": 689,
            "carbohydrates": 609,
            "calories": 986,
            "price": 300,
            "image": "https://code.s3.yandex.net/react/code/mineral_rings.png",
            "image_mobile": "https://code.s3.yandex.net/react/code/mineral_rings-mobile.png",
            "image_large": "https://code.s3.yandex.net/react/code/mineral_rings-large.png",
            "__v": 0
        },
        {
            "_id": "61c0c5a71d1f82001bdaaa77",
            "name": "Плоды Фалленианского дерева",
            "type": "main",
            "proteins": 20,
            "fat": 5,
            "carbohydrates": 55,
            "calories": 77,
            "price": 874,
            "image": "https://code.s3.yandex.net/react/code/sp_1.png",
            "image_mobile": "https://code.s3.yandex.net/react/code/sp_1-mobile.png",
            "image_large": "https://code.s3.yandex.net/react/code/sp_1-large.png",
            "__v": 0
        },
        {
            "_id": "61c0c5a71d1f82001bdaaa78",
            "name": "Кристаллы марсианских альфа-сахаридов",
            "type": "main",
            "proteins": 234,
            "fat": 432,
            "carbohydrates": 111,
            "calories": 189,
            "price": 762,
            "image": "https://code.s3.yandex.net/react/code/core.png",
            "image_mobile": "https://code.s3.yandex.net/react/code/core-mobile.png",
            "image_large": "https://code.s3.yandex.net/react/code/core-large.png",
            "__v": 0
        },
        {
            "_id": "61c0c5a71d1f82001bdaaa79",
            "name": "Мини-салат Экзо-Плантаго",
            "type": "main",
            "proteins": 1,
            "fat": 2,
            "carbohydrates": 3,
            "calories": 6,
            "price": 4400,
            "image": "https://code.s3.yandex.net/react/code/salad.png",
            "image_mobile": "https://code.s3.yandex.net/react/code/salad-mobile.png",
            "image_large": "https://code.s3.yandex.net/react/code/salad-large.png",
            "__v": 0
        },
        {
            "_id": "61c0c5a71d1f82001bdaaa7a",
            "name": "Сыр с астероидной плесенью",
            "type": "main",
            "proteins": 84,
            "fat": 48,
            "carbohydrates": 420,
            "calories": 3377,
            "price": 4142,
            "image": "https://code.s3.yandex.net/react/code/cheese.png",
            "image_mobile": "https://code.s3.yandex.net/react/code/cheese-mobile.png",
            "image_large": "https://code.s3.yandex.net/react/code/cheese-large.png",
            "__v": 0
        }
    ]
}
Request method:	POST
Request URI:	https://stellarburgers.education-services.ru/api/orders
Proxy:			<none>
Request params:	<none>
Query params:	<none>
Form params:	<none>
Path params:	<none>
Headers:		authorization=invalidAccessToken
				Accept=*/*
				Content-Type=application/json
Cookies:		<none>
Multiparts:		<none>
Body:
{
    "ingredients": [
        "61c0c5a71d1f82001bdaaa6d",
        "61c0c5a71d1f82001bdaaa6f"
    ]
}
HTTP/1.1 200 OK
Server: nginx/1.24.0 (Ubuntu)
Date: Thu, 06 Nov 2025 21:36:33 GMT
Content-Type: application/json; charset=utf-8
Content-Length: 114
Connection: keep-alive
X-Powered-By: Express
Access-Control-Allow-Origin: *
ETag: W/"72-FL3FYsHQ/AIVG7SIOipta0BCxhs"

{
    "success": true,
    "name": "Флюоресцентный бессмертный бургер",
    "order": {
        "number": 9856
    }
}
Request method:	DELETE
Request URI:	https://stellarburgers.education-services.ru/api/auth/user
Proxy:			<none>
Request params:	<none>
Query params:	<none>
Form params:	<none>
Path params:	<none>
Headers:		authorization=Bearer eyJhbGciOiJIUzI1NiIsInR5cCI6IkpXVCJ9.eyJpZCI6IjY5MGQxNGUxOTg0MjcwMDAxYmRmNTZhMSIsImlhdCI6MTc2MjQ2NDk5MywiZXhwIjoxNzYyNDY2MTkzfQ.Q5hbV9jP3bqb4YKURNWNAuda2XgfdPjvq-Tu8E7ehRo
				Accept=*/*
				Content-Type=application/json
Cookies:		<none>
Multiparts:		<none>
Body:			<none>
HTTP/1.1 202 Accepted
Server: nginx/1.24.0 (Ubuntu)
Date: Thu, 06 Nov 2025 21:36:34 GMT
Content-Type: application/json; charset=utf-8
Content-Length: 54
Connection: keep-alive
X-Powered-By: Express
Access-Control-Allow-Origin: *
ETag: W/"36-hDmZnQ3Ou/ynnqAeC6TYmyseuzY"

{
    "success": true,
    "message": "User successfully removed"
}
]]></system-out>
  </testcase>
</testsuite>