<?xml version="1.0" encoding="UTF-8"?>
<testsuite xmlns:xsi="http://www.w3.org/2001/XMLSchema-instance" xsi:noNamespaceSchemaLocation="https://maven.apache.org/surefire/maven-surefire-plugin/xsd/surefire-test-report-3.0.xsd" version="3.0" name="UserTests.EditUserTest" time="9.261" tests="2" errors="0" skipped="0" failures="0">
  <properties>
[...]
</properties>
  <testcase name="userEditWithAuth" classname="UserTests.EditUserTest" time="7.669">
    <system-out><![CDATA[Request method:	POST
Request URI:	https://stellarburgers.education-services.ru/api/auth/register
Proxy:			<none>
Request params:	<none>
Query params:	<none>
Form params:	<none>
Path params:	<none>
Headers:		Accept=*/*
				Content-Type=application/json
Cookies:		<none>
Multiparts:		<none>
Body:
{
    "email": "testUser1762464966288@yandex.ru",
    "password": "password123",
    "name": "testUser1762464966294"
}
HTTP/1.1 200 OK
Server: nginx/1.24.0 (Ubuntu)
Date: Thu, 06 Nov 2025 21:36:08 GMT
Content-Type: application/json; charset=utf-8
Content-Length: 391
Connection: keep-alive
X-Powered-By: Express
Access-Control-Allow-Origin: *
authorization: Bearer eyJhbGciOiJIUzI1NiIsInR5cCI6IkpXVCJ9.eyJpZCI6IjY5MGQxNGM4OTg0MjcwMDAxYmRmNTY4NiIsImlhdCI6MTc2MjQ2NDk2OCwiZXhwIjoxNzYyNDY2MTY4fQ.PVHLxX5S14powSNw_BBvtRFuxKtWIrfxe_2deHQaG2U
ETag: W/"187-ddMPatieLuxFLqVo63JXMoH/p7Q"

{
    "success": true,
    "user": {
        "email": "testuser1762464966288@yandex.ru",
        "name": "testUser1762464966294"
    },
    "accessToken": "Bearer eyJhbGciOiJIUzI1NiIsInR5cCI6IkpXVCJ9.eyJpZCI6IjY5MGQxNGM4OTg0MjcwMDAxYmRmNTY4NiIsImlhdCI6MTc2MjQ2NDk2OCwiZXhwIjoxNzYyNDY2MTY4fQ.PVHLxX5S14powSNw_BBvtRFuxKtWIrfxe_2deHQaG2U",
    "refreshToken": "ecca7cc948ba290672b421fc5c57f2dbb39da34119ad20d1034873a6e36251d6cc96846c6b9a081f"
}
Request method:	PATCH
Request URI:	https://stellarburgers.education-services.ru/api/auth/user
Proxy:			<none>
Request params:	<none>
Query params:	<none>
Form params:	<none>
Path params:	<none>
Headers:		authorization=Bearer eyJhbGciOiJIUzI1NiIsInR5cCI6IkpXVCJ9.eyJpZCI6IjY5MGQxNGM4OTg0MjcwMDAxYmRmNTY4NiIsImlhdCI6MTc2MjQ2NDk2OCwiZXhwIjoxNzYyNDY2MTY4fQ.PVHLxX5S14powSNw_BBvtRFuxKtWIrfxe_2deHQaG2U
				Accept=*/*
				Content-Type=application/json
Cookies:		<none>
Multiparts:		<none>
Body:
{
    "email": "testEditUser1762464969029@yandex.ru",
    "password": "editPassword123",
    "name": "testEditUser1762464969030"
}
HTTP/1.1 200 OK
Server: nginx/1.24.0 (Ubuntu)
Date: Thu, 06 Nov 2025 21:36:09 GMT
Content-Type: application/json; charset=utf-8
Content-Length: 106
Connection: keep-alive
X-Powered-By: Express
Access-Control-Allow-Origin: *
ETag: W/"6a-dHLRc6BIeQFnsgK49VFiC/eKeoU"

{
    "success": true,
    "user": {
        "email": "testedituser1762464969029@yandex.ru",
        "name": "testEditUser1762464969030"
    }
}
Request method:	GET
Request URI:	https://stellarburgers.education-services.ru/api/auth/user
Proxy:			<none>
Request params:	<none>
Query params:	<none>
Form params:	<none>
Path params:	<none>
Headers:		authorization=Bearer eyJhbGciOiJIUzI1NiIsInR5cCI6IkpXVCJ9.eyJpZCI6IjY5MGQxNGM4OTg0MjcwMDAxYmRmNTY4NiIsImlhdCI6MTc2MjQ2NDk2OCwiZXhwIjoxNzYyNDY2MTY4fQ.PVHLxX5S14powSNw_BBvtRFuxKtWIrfxe_2deHQaG2U
				Accept=*/*
				Content-Type=application/json
Cookies:		<none>
Multiparts:		<none>
Body:			<none>
HTTP/1.1 200 OK
Server: nginx/1.24.0 (Ubuntu)
Date: Thu, 06 Nov 2025 21:36:09 GMT
Content-Type: application/json; charset=utf-8
Content-Length: 106
Connection: keep-alive
X-Powered-By: Express
Access-Control-Allow-Origin: *
ETag: W/"6a-dHLRc6BIeQFnsgK49VFiC/eKeoU"

{
    "success": true,
    "user": {
        "email": "testedituser1762464969029@yandex.ru",
        "name": "testEditUser1762464969030"
    }
}
Request method:	DELETE
Request URI:	https://stellarburgers.education-services.ru/api/auth/user
Proxy:			<none>
Request params:	<none>
Query params:	<none>
Form params:	<none>
Path params:	<none>
Headers:		authorization=Bearer eyJhbGciOiJIUzI1NiIsInR5cCI6IkpXVCJ9.eyJpZCI6IjY5MGQxNGM4OTg0MjcwMDAxYmRmNTY4NiIsImlhdCI6MTc2MjQ2NDk2OCwiZXhwIjoxNzYyNDY2MTY4fQ.PVHLxX5S14powSNw_BBvtRFuxKtWIrfxe_2deHQaG2U
				Accept=*/*
				Content-Type=application/json
Cookies:		<none>
Multiparts:		<none>
Body:			<none>
HTTP/1.1 202 Accepted
Server: nginx/1.24.0 (Ubuntu)
Date: Thu, 06 Nov 2025 21:36:10 GMT
Content-Type: application/json; charset=utf-8
Content-Length: 54
Connection: keep-alive
X-Powered-By: Express
Access-Control-Allow-Origin: *
ETag: W/"36-hDmZnQ3Ou/ynnqAeC6TYmyseuzY"

{
    "success": true,
    "message": "User successfully removed"
}
]]></system-out>
    <system-err><![CDATA[SLF4J: Failed to load class "org.slf4j.impl.StaticLoggerBinder".
SLF4J: Defaulting to no-operation (NOP) logger implementation
SLF4J: See http://www.slf4j.org/codes.html#StaticLoggerBinder for further details.
]]></system-err>
  </testcase>
  <testcase name="userEditWithoutAuth" classname="UserTests.EditUserTest" time="1.292">
    <system-out><![CDATA[Request method:	POST
Request URI:	https://stellarburgers.education-services.ru/api/auth/register
Proxy:			<none>
Request params:	<none>
Query params:	<none>
Form params:	<none>
Path params:	<none>
Headers:		Accept=*/*
				Content-Type=application/json
Cookies:		<none>
Multiparts:		<none>
Body:
{
    "email": "testUser1762464970777@yandex.ru",
    "password": "password123",
    "name": "testUser1762464970777"
}
HTTP/1.1 200 OK
Server: nginx/1.24.0 (Ubuntu)
Date: Thu, 06 Nov 2025 21:36:11 GMT
Content-Type: application/json; charset=utf-8
Content-Length: 391
Connection: keep-alive
X-Powered-By: Express
Access-Control-Allow-Origin: *
authorization: Bearer eyJhbGciOiJIUzI1NiIsInR5cCI6IkpXVCJ9.eyJpZCI6IjY5MGQxNGNiOTg0MjcwMDAxYmRmNTY4OCIsImlhdCI6MTc2MjQ2NDk3MSwiZXhwIjoxNzYyNDY2MTcxfQ.QWrKlG0_oPNrW-nZzzdeNm0ayxrHQmdzXiZ1JvFauts
ETag: W/"187-avKHppW2mOk7lgcZb+2YlbKMRFo"

{
    "success": true,
    "user": {
        "email": "testuser1762464970777@yandex.ru",
        "name": "testUser1762464970777"
    },
    "accessToken": "Bearer eyJhbGciOiJIUzI1NiIsInR5cCI6IkpXVCJ9.eyJpZCI6IjY5MGQxNGNiOTg0MjcwMDAxYmRmNTY4OCIsImlhdCI6MTc2MjQ2NDk3MSwiZXhwIjoxNzYyNDY2MTcxfQ.QWrKlG0_oPNrW-nZzzdeNm0ayxrHQmdzXiZ1JvFauts",
    "refreshToken": "f8199cb4fc4661e9be811c1e3f2e40da7bb66b60373eba525de0aab78555035f6c6aa4f73028fd10"
}
Request method:	PATCH
Request URI:	https://stellarburgers.education-services.ru/api/auth/user
Proxy:			<none>
Request params:	<none>
Query params:	<none>
Form params:	<none>
Path params:	<none>
Headers:		authorization=invalidAccessToken
				Accept=*/*
				Content-Type=application/json
Cookies:		<none>
Multiparts:		<none>
Body:
{
    "email": "testEditUser1762464971084@yandex.ru",
    "password": "editPassword123",
    "name": "testEditUser1762464971085"
}
HTTP/1.1 401 Unauthorized
Server: nginx/1.24.0 (Ubuntu)
Date: Thu, 06 Nov 2025 21:36:11 GMT
Content-Type: application/json; charset=utf-8
Content-Length: 54
Connection: keep-alive
X-Powered-By: Express
Access-Control-Allow-Origin: *
ETag: W/"36-9ndkQYJpZ8s0sMN790Nuh0MLq/U"

{
    "success": false,
    "message": "You should be authorised"
}
HTTP/1.1 401 Unauthorized
Server: nginx/1.24.0 (Ubuntu)
Date: Thu, 06 Nov 2025 21:36:11 GMT
Content-Type: application/json; charset=utf-8
Content-Length: 54
Connection: keep-alive
X-Powered-By: Express
Access-Control-Allow-Origin: *
ETag: W/"36-9ndkQYJpZ8s0sMN790Nuh0MLq/U"

{
    "success": false,
    "message": "You should be authorised"
}
Request method:	DELETE
Request URI:	https://stellarburgers.education-services.ru/api/auth/user
Proxy:			<none>
Request params:	<none>
Query params:	<none>
Form params:	<none>
Path params:	<none>
Headers:		authorization=Bearer eyJhbGciOiJIUzI1NiIsInR5cCI6IkpXVCJ9.eyJpZCI6IjY5MGQxNGNiOTg0MjcwMDAxYmRmNTY4OCIsImlhdCI6MTc2MjQ2NDk3MSwiZXhwIjoxNzYyNDY2MTcxfQ.QWrKlG0_oPNrW-nZzzdeNm0ayxrHQmdzXiZ1JvFauts
				Accept=*/*
				Content-Type=application/json
Cookies:		<none>
Multiparts:		<none>
Body:			<none>
HTTP/1.1 202 Accepted
Server: nginx/1.24.0 (Ubuntu)
Date: Thu, 06 Nov 2025 21:36:12 GMT
Content-Type: application/json; charset=utf-8
Content-Length: 54
Connection: keep-alive
X-Powered-By: Express
Access-Control-Allow-Origin: *
ETag: W/"36-hDmZnQ3Ou/ynnqAeC6TYmyseuzY"

{
    "success": true,
    "message": "User successfully removed"
}
]]></system-out>
  </testcase>
</testsuite>