<?xml version="1.0" encoding="UTF-8"?>
<testsuite xmlns:xsi="http://www.w3.org/2001/XMLSchema-instance" xsi:noNamespaceSchemaLocation="https://maven.apache.org/surefire/maven-surefire-plugin/xsd/surefire-test-report-3.0.xsd" version="3.0" name="order.OrderGetTest" time="10.257" tests="2" errors="0" skipped="0" failures="0">
  <properties>
[...]
</properties>
  <testcase name="TestGetOrderNoAuthUser" classname="order.OrderGetTest" time="4.998">
    <system-out><![CDATA[Request method:	POST
Request URI:	https://stellarburgers.education-services.ru/api/auth/register
Proxy:			<none>
Request params:	<none>
Query params:	<none>
Form params:	<none>
Path params:	<none>
Headers:		Accept=*/*
				Content-Type=application/json
Cookies:		<none>
Multiparts:		<none>
Body:
{
    "email": "testUser1763243706567@yandex.ru",
    "password": "password123",
    "name": "testUser1763243706570"
}
HTTP/1.1 200 OK
Server: nginx/1.24.0 (Ubuntu)
Date: Sat, 15 Nov 2025 21:55:06 GMT
Content-Type: application/json; charset=utf-8
Content-Length: 391
Connection: keep-alive
X-Powered-By: Express
Access-Control-Allow-Origin: *
authorization: Bearer eyJhbGciOiJIUzI1NiIsInR5cCI6IkpXVCJ9.eyJpZCI6IjY5MThmNmJhOTg0MjcwMDAxYmUwMTlhNCIsImlhdCI6MTc2MzI0MzcwNiwiZXhwIjoxNzYzMjQ0OTA2fQ.gymU-COq8m_37psFRWez4Tn5BSldytflhU57DI1gosw
ETag: W/"187-2ZxzB2l7zBeaCExqCusa5AmL6k8"

{
    "success": true,
    "user": {
        "email": "testuser1763243706567@yandex.ru",
        "name": "testUser1763243706570"
    },
    "accessToken": "Bearer eyJhbGciOiJIUzI1NiIsInR5cCI6IkpXVCJ9.eyJpZCI6IjY5MThmNmJhOTg0MjcwMDAxYmUwMTlhNCIsImlhdCI6MTc2MzI0MzcwNiwiZXhwIjoxNzYzMjQ0OTA2fQ.gymU-COq8m_37psFRWez4Tn5BSldytflhU57DI1gosw",
    "refreshToken": "d49eee53a4111020bc5d433725027605ab16b06710023b32dc16dea0762057657b18e0c42d3ecbd3"
}
Request method:	GET
Request URI:	https://stellarburgers.education-services.ru/api/ingredients
Proxy:			<none>
Request params:	<none>
Query params:	<none>
Form params:	<none>
Path params:	<none>
Headers:		Accept=*/*
				Content-Type=application/json
Cookies:		<none>
Multiparts:		<none>
Body:			<none>
HTTP/1.1 200 OK
Server: nginx/1.24.0 (Ubuntu)
Date: Sat, 15 Nov 2025 21:55:07 GMT
Content-Type: application/json; charset=utf-8
Content-Length: 5957
Connection: keep-alive
X-Powered-By: Express
Access-Control-Allow-Origin: *
ETag: W/"1745-LHZ7D8kBZWcbCGljCoPXtjB5CeA"

{
    "success": true,
    "data": [
        {
            "_id": "61c0c5a71d1f82001bdaaa6d",
            "name": "Флюоресцентная булка R2-D3",
            "type": "bun",
            "proteins": 44,
            "fat": 26,
            "carbohydrates": 85,
            "calories": 643,
            "price": 988,
            "image": "https://code.s3.yandex.net/react/code/bun-01.png",
            "image_mobile": "https://code.s3.yandex.net/react/code/bun-01-mobile.png",
            "image_large": "https://code.s3.yandex.net/react/code/bun-01-large.png",
            "__v": 0
        },
        {
            "_id": "61c0c5a71d1f82001bdaaa6f",
            "name": "Мясо бессмертных моллюсков Protostomia",
            "type": "main",
            "proteins": 433,
            "fat": 244,
            "carbohydrates": 33,
            "calories": 420,
            "price": 1337,
            "image": "https://code.s3.yandex.net/react/code/meat-02.png",
            "image_mobile": "https://code.s3.yandex.net/react/code/meat-02-mobile.png",
            "image_large": "https://code.s3.yandex.net/react/code/meat-02-large.png",
            "__v": 0
        },
        {
            "_id": "61c0c5a71d1f82001bdaaa70",
            "name": "Говяжий метеорит (отбивная)",
            "type": "main",
            "proteins": 800,
            "fat": 800,
            "carbohydrates": 300,
            "calories": 2674,
            "price": 3000,
            "image": "https://code.s3.yandex.net/react/code/meat-04.png",
            "image_mobile": "https://code.s3.yandex.net/react/code/meat-04-mobile.png",
            "image_large": "https://code.s3.yandex.net/react/code/meat-04-large.png",
            "__v": 0
        },
        {
            "_id": "61c0c5a71d1f82001bdaaa71",
            "name": "Биокотлета из марсианской Магнолии",
            "type": "main",
            "proteins": 420,
            "fat": 142,
            "carbohydrates": 242,
            "calories": 4242,
            "price": 424,
            "image": "https://code.s3.yandex.net/react/code/meat-01.png",
            "image_mobile": "https://code.s3.yandex.net/react/code/meat-01-mobile.png",
            "image_large": "https://code.s3.yandex.net/react/code/meat-01-large.png",
            "__v": 0
        },
        {
            "_id": "61c0c5a71d1f82001bdaaa72",
            "name": "Соус Spicy-X",
            "type": "sauce",
            "proteins": 30,
            "fat": 20,
            "carbohydrates": 40,
            "calories": 30,
            "price": 90,
            "image": "https://code.s3.yandex.net/react/code/sauce-02.png",
            "image_mobile": "https://code.s3.yandex.net/react/code/sauce-02-mobile.png",
            "image_large": "https://code.s3.yandex.net/react/code/sauce-02-large.png",
            "__v": 0
        },
        {
            "_id": "61c0c5a71d1f82001bdaaa6e",
            "name": "Филе Люминесцентного тетраодонтимформа",
            "type": "main",
            "proteins": 44,
            "fat": 26,
            "carbohydrates": 85,
            "calories": 643,
            "price": 988,
            "image": "https://code.s3.yandex.net/react/code/meat-03.png",
            "image_mobile": "https://code.s3.yandex.net/react/code/meat-03-mobile.png",
            "image_large": "https://code.s3.yandex.net/react/code/meat-03-large.png",
            "__v": 0
        },
        {
            "_id": "61c0c5a71d1f82001bdaaa73",
            "name": "Соус фирменный Space Sauce",
            "type": "sauce",
            "proteins": 50,
            "fat": 22,
            "carbohydrates": 11,
            "calories": 14,
            "price": 80,
            "image": "https://code.s3.yandex.net/react/code/sauce-04.png",
            "image_mobile": "https://code.s3.yandex.net/react/code/sauce-04-mobile.png",
            "image_large": "https://code.s3.yandex.net/react/code/sauce-04-large.png",
            "__v": 0
        },
        {
            "_id": "61c0c5a71d1f82001bdaaa74",
            "name": "Соус традиционный галактический",
            "type": "sauce",
            "proteins": 42,
            "fat": 24,
            "carbohydrates": 42,
            "calories": 99,
            "price": 15,
            "image": "https://code.s3.yandex.net/react/code/sauce-03.png",
            "image_mobile": "https://code.s3.yandex.net/react/code/sauce-03-mobile.png",
            "image_large": "https://code.s3.yandex.net/react/code/sauce-03-large.png",
            "__v": 0
        },
        {
            "_id": "61c0c5a71d1f82001bdaaa6c",
            "name": "Краторная булка N-200i",
            "type": "bun",
            "proteins": 80,
            "fat": 24,
            "carbohydrates": 53,
            "calories": 420,
            "price": 1255,
            "image": "https://code.s3.yandex.net/react/code/bun-02.png",
            "image_mobile": "https://code.s3.yandex.net/react/code/bun-02-mobile.png",
            "image_large": "https://code.s3.yandex.net/react/code/bun-02-large.png",
            "__v": 0
        },
        {
            "_id": "61c0c5a71d1f82001bdaaa75",
            "name": "Соус с шипами Антарианского плоскоходца",
            "type": "sauce",
            "proteins": 101,
            "fat": 99,
            "carbohydrates": 100,
            "calories": 100,
            "price": 88,
            "image": "https://code.s3.yandex.net/react/code/sauce-01.png",
            "image_mobile": "https://code.s3.yandex.net/react/code/sauce-01-mobile.png",
            "image_large": "https://code.s3.yandex.net/react/code/sauce-01-large.png",
            "__v": 0
        },
        {
            "_id": "61c0c5a71d1f82001bdaaa76",
            "name": "Хрустящие минеральные кольца",
            "type": "main",
            "proteins": 808,
            "fat": 689,
            "carbohydrates": 609,
            "calories": 986,
            "price": 300,
            "image": "https://code.s3.yandex.net/react/code/mineral_rings.png",
            "image_mobile": "https://code.s3.yandex.net/react/code/mineral_rings-mobile.png",
            "image_large": "https://code.s3.yandex.net/react/code/mineral_rings-large.png",
            "__v": 0
        },
        {
            "_id": "61c0c5a71d1f82001bdaaa77",
            "name": "Плоды Фалленианского дерева",
            "type": "main",
            "proteins": 20,
            "fat": 5,
            "carbohydrates": 55,
            "calories": 77,
            "price": 874,
            "image": "https://code.s3.yandex.net/react/code/sp_1.png",
            "image_mobile": "https://code.s3.yandex.net/react/code/sp_1-mobile.png",
            "image_large": "https://code.s3.yandex.net/react/code/sp_1-large.png",
            "__v": 0
        },
        {
            "_id": "61c0c5a71d1f82001bdaaa78",
            "name": "Кристаллы марсианских альфа-сахаридов",
            "type": "main",
            "proteins": 234,
            "fat": 432,
            "carbohydrates": 111,
            "calories": 189,
            "price": 762,
            "image": "https://code.s3.yandex.net/react/code/core.png",
            "image_mobile": "https://code.s3.yandex.net/react/code/core-mobile.png",
            "image_large": "https://code.s3.yandex.net/react/code/core-large.png",
            "__v": 0
        },
        {
            "_id": "61c0c5a71d1f82001bdaaa79",
            "name": "Мини-салат Экзо-Плантаго",
            "type": "main",
            "proteins": 1,
            "fat": 2,
            "carbohydrates": 3,
            "calories": 6,
            "price": 4400,
            "image": "https://code.s3.yandex.net/react/code/salad.png",
            "image_mobile": "https://code.s3.yandex.net/react/code/salad-mobile.png",
            "image_large": "https://code.s3.yandex.net/react/code/salad-large.png",
            "__v": 0
        },
        {
            "_id": "61c0c5a71d1f82001bdaaa7a",
            "name": "Сыр с астероидной плесенью",
            "type": "main",
            "proteins": 84,
            "fat": 48,
            "carbohydrates": 420,
            "calories": 3377,
            "price": 4142,
            "image": "https://code.s3.yandex.net/react/code/cheese.png",
            "image_mobile": "https://code.s3.yandex.net/react/code/cheese-mobile.png",
            "image_large": "https://code.s3.yandex.net/react/code/cheese-large.png",
            "__v": 0
        }
    ]
}
Request method:	POST
Request URI:	https://stellarburgers.education-services.ru/api/orders
Proxy:			<none>
Request params:	<none>
Query params:	<none>
Form params:	<none>
Path params:	<none>
Headers:		authorization=Bearer eyJhbGciOiJIUzI1NiIsInR5cCI6IkpXVCJ9.eyJpZCI6IjY5MThmNmJhOTg0MjcwMDAxYmUwMTlhNCIsImlhdCI6MTc2MzI0MzcwNiwiZXhwIjoxNzYzMjQ0OTA2fQ.gymU-COq8m_37psFRWez4Tn5BSldytflhU57DI1gosw
				Accept=*/*
				Content-Type=application/json
Cookies:		<none>
Multiparts:		<none>
Body:
{
    "ingredients": [
        "61c0c5a71d1f82001bdaaa6d",
        "61c0c5a71d1f82001bdaaa6f"
    ]
}
HTTP/1.1 200 OK
Server: nginx/1.24.0 (Ubuntu)
Date: Sat, 15 Nov 2025 21:55:10 GMT
Content-Type: application/json; charset=utf-8
Content-Length: 1297
Connection: keep-alive
X-Powered-By: Express
Access-Control-Allow-Origin: *
ETag: W/"511-7gTYBdjz1Faf6qulXtKPzFERiR8"

{
    "success": true,
    "name": "Флюоресцентный бессмертный бургер",
    "order": {
        "ingredients": [
            {
                "_id": "61c0c5a71d1f82001bdaaa6d",
                "name": "Флюоресцентная булка R2-D3",
                "type": "bun",
                "proteins": 44,
                "fat": 26,
                "carbohydrates": 85,
                "calories": 643,
                "price": 988,
                "image": "https://code.s3.yandex.net/react/code/bun-01.png",
                "image_mobile": "https://code.s3.yandex.net/react/code/bun-01-mobile.png",
                "image_large": "https://code.s3.yandex.net/react/code/bun-01-large.png",
                "__v": 0
            },
            {
                "_id": "61c0c5a71d1f82001bdaaa6f",
                "name": "Мясо бессмертных моллюсков Protostomia",
                "type": "main",
                "proteins": 433,
                "fat": 244,
                "carbohydrates": 33,
                "calories": 420,
                "price": 1337,
                "image": "https://code.s3.yandex.net/react/code/meat-02.png",
                "image_mobile": "https://code.s3.yandex.net/react/code/meat-02-mobile.png",
                "image_large": "https://code.s3.yandex.net/react/code/meat-02-large.png",
                "__v": 0
            }
        ],
        "_id": "6918f6bb984270001be019a6",
        "owner": {
            "name": "testUser1763243706570",
            "email": "testuser1763243706567@yandex.ru",
            "createdAt": "2025-11-15T21:55:06.817Z",
            "updatedAt": "2025-11-15T21:55:06.817Z"
        },
        "status": "done",
        "name": "Флюоресцентный бессмертный бургер",
        "createdAt": "2025-11-15T21:55:07.353Z",
        "updatedAt": "2025-11-15T21:55:09.264Z",
        "number": 320702,
        "price": 2325
    }
}
Request method:	GET
Request URI:	https://stellarburgers.education-services.ru/api/orders
Proxy:			<none>
Request params:	<none>
Query params:	<none>
Form params:	<none>
Path params:	<none>
Headers:		authorization=InvalidAccessToken
				Accept=*/*
				Content-Type=application/json
Cookies:		<none>
Multiparts:		<none>
Body:			<none>
HTTP/1.1 401 Unauthorized
Server: nginx/1.24.0 (Ubuntu)
Date: Sat, 15 Nov 2025 21:55:10 GMT
Content-Type: application/json; charset=utf-8
Content-Length: 54
Connection: keep-alive
X-Powered-By: Express
Access-Control-Allow-Origin: *
ETag: W/"36-9ndkQYJpZ8s0sMN790Nuh0MLq/U"

{
    "success": false,
    "message": "You should be authorised"
}
HTTP/1.1 401 Unauthorized
Server: nginx/1.24.0 (Ubuntu)
Date: Sat, 15 Nov 2025 21:55:10 GMT
Content-Type: application/json; charset=utf-8
Content-Length: 54
Connection: keep-alive
X-Powered-By: Express
Access-Control-Allow-Origin: *
ETag: W/"36-9ndkQYJpZ8s0sMN790Nuh0MLq/U"

{
    "success": false,
    "message": "You should be authorised"
}
Request method:	DELETE
Request URI:	https://stellarburgers.education-services.ru/api/auth/user
Proxy:			<none>
Request params:	<none>
Query params:	<none>
Form params:	<none>
Path params:	<none>
Headers:		authorization=Bearer eyJhbGciOiJIUzI1NiIsInR5cCI6IkpXVCJ9.eyJpZCI6IjY5MThmNmJhOTg0MjcwMDAxYmUwMTlhNCIsImlhdCI6MTc2MzI0MzcwNiwiZXhwIjoxNzYzMjQ0OTA2fQ.gymU-COq8m_37psFRWez4Tn5BSldytflhU57DI1gosw
				Accept=*/*
				Content-Type=application/json
Cookies:		<none>
Multiparts:		<none>
Body:			<none>
HTTP/1.1 202 Accepted
Server: nginx/1.24.0 (Ubuntu)
Date: Sat, 15 Nov 2025 21:55:11 GMT
Content-Type: application/json; charset=utf-8
Content-Length: 54
Connection: keep-alive
X-Powered-By: Express
Access-Control-Allow-Origin: *
ETag: W/"36-hDmZnQ3Ou/ynnqAeC6TYmyseuzY"

{
    "success": true,
    "message": "User successfully removed"
}
]]></system-out>
  </testcase>
  <testcase name="TestGetOrderAuthUser" classname="order.OrderGetTest" time="5.248">
    <system-out><![CDATA[Request method:	POST
Request URI:	https://stellarburgers.education-services.ru/api/auth/register
Proxy:			<none>
Request params:	<none>
Query params:	<none>
Form params:	<none>
Path params:	<none>
Headers:		Accept=*/*
				Content-Type=application/json
Cookies:		<none>
Multiparts:		<none>
Body:
{
    "email": "testUser1763243711615@yandex.ru",
    "password": "password123",
    "name": "testUser1763243711615"
}
HTTP/1.1 200 OK
Server: nginx/1.24.0 (Ubuntu)
Date: Sat, 15 Nov 2025 21:55:11 GMT
Content-Type: application/json; charset=utf-8
Content-Length: 391
Connection: keep-alive
X-Powered-By: Express
Access-Control-Allow-Origin: *
authorization: Bearer eyJhbGciOiJIUzI1NiIsInR5cCI6IkpXVCJ9.eyJpZCI6IjY5MThmNmJmOTg0MjcwMDAxYmUwMTlhNyIsImlhdCI6MTc2MzI0MzcxMSwiZXhwIjoxNzYzMjQ0OTExfQ.E6Fq0ETF4qk8j1FmNUNmmwOMi0OT-8T1pFXsNMpEAso
ETag: W/"187-JIqCzy2kbp4ujUG/gr4NZ67ZkOE"

{
    "success": true,
    "user": {
        "email": "testuser1763243711615@yandex.ru",
        "name": "testUser1763243711615"
    },
    "accessToken": "Bearer eyJhbGciOiJIUzI1NiIsInR5cCI6IkpXVCJ9.eyJpZCI6IjY5MThmNmJmOTg0MjcwMDAxYmUwMTlhNyIsImlhdCI6MTc2MzI0MzcxMSwiZXhwIjoxNzYzMjQ0OTExfQ.E6Fq0ETF4qk8j1FmNUNmmwOMi0OT-8T1pFXsNMpEAso",
    "refreshToken": "b5be1cc2ca3533dbd449a5ae91b77d8e2837d681e212a6e93406717c3e1eea023da9ec8de02a1a4a"
}
Request method:	GET
Request URI:	https://stellarburgers.education-services.ru/api/ingredients
Proxy:			<none>
Request params:	<none>
Query params:	<none>
Form params:	<none>
Path params:	<none>
Headers:		Accept=*/*
				Content-Type=application/json
Cookies:		<none>
Multiparts:		<none>
Body:			<none>
HTTP/1.1 200 OK
Server: nginx/1.24.0 (Ubuntu)
Date: Sat, 15 Nov 2025 21:55:12 GMT
Content-Type: application/json; charset=utf-8
Content-Length: 5957
Connection: keep-alive
X-Powered-By: Express
Access-Control-Allow-Origin: *
ETag: W/"1745-LHZ7D8kBZWcbCGljCoPXtjB5CeA"

{
    "success": true,
    "data": [
        {
            "_id": "61c0c5a71d1f82001bdaaa6d",
            "name": "Флюоресцентная булка R2-D3",
            "type": "bun",
            "proteins": 44,
            "fat": 26,
            "carbohydrates": 85,
            "calories": 643,
            "price": 988,
            "image": "https://code.s3.yandex.net/react/code/bun-01.png",
            "image_mobile": "https://code.s3.yandex.net/react/code/bun-01-mobile.png",
            "image_large": "https://code.s3.yandex.net/react/code/bun-01-large.png",
            "__v": 0
        },
        {
            "_id": "61c0c5a71d1f82001bdaaa6f",
            "name": "Мясо бессмертных моллюсков Protostomia",
            "type": "main",
            "proteins": 433,
            "fat": 244,
            "carbohydrates": 33,
            "calories": 420,
            "price": 1337,
            "image": "https://code.s3.yandex.net/react/code/meat-02.png",
            "image_mobile": "https://code.s3.yandex.net/react/code/meat-02-mobile.png",
            "image_large": "https://code.s3.yandex.net/react/code/meat-02-large.png",
            "__v": 0
        },
        {
            "_id": "61c0c5a71d1f82001bdaaa70",
            "name": "Говяжий метеорит (отбивная)",
            "type": "main",
            "proteins": 800,
            "fat": 800,
            "carbohydrates": 300,
            "calories": 2674,
            "price": 3000,
            "image": "https://code.s3.yandex.net/react/code/meat-04.png",
            "image_mobile": "https://code.s3.yandex.net/react/code/meat-04-mobile.png",
            "image_large": "https://code.s3.yandex.net/react/code/meat-04-large.png",
            "__v": 0
        },
        {
            "_id": "61c0c5a71d1f82001bdaaa71",
            "name": "Биокотлета из марсианской Магнолии",
            "type": "main",
            "proteins": 420,
            "fat": 142,
            "carbohydrates": 242,
            "calories": 4242,
            "price": 424,
            "image": "https://code.s3.yandex.net/react/code/meat-01.png",
            "image_mobile": "https://code.s3.yandex.net/react/code/meat-01-mobile.png",
            "image_large": "https://code.s3.yandex.net/react/code/meat-01-large.png",
            "__v": 0
        },
        {
            "_id": "61c0c5a71d1f82001bdaaa72",
            "name": "Соус Spicy-X",
            "type": "sauce",
            "proteins": 30,
            "fat": 20,
            "carbohydrates": 40,
            "calories": 30,
            "price": 90,
            "image": "https://code.s3.yandex.net/react/code/sauce-02.png",
            "image_mobile": "https://code.s3.yandex.net/react/code/sauce-02-mobile.png",
            "image_large": "https://code.s3.yandex.net/react/code/sauce-02-large.png",
            "__v": 0
        },
        {
            "_id": "61c0c5a71d1f82001bdaaa6e",
            "name": "Филе Люминесцентного тетраодонтимформа",
            "type": "main",
            "proteins": 44,
            "fat": 26,
            "carbohydrates": 85,
            "calories": 643,
            "price": 988,
            "image": "https://code.s3.yandex.net/react/code/meat-03.png",
            "image_mobile": "https://code.s3.yandex.net/react/code/meat-03-mobile.png",
            "image_large": "https://code.s3.yandex.net/react/code/meat-03-large.png",
            "__v": 0
        },
        {
            "_id": "61c0c5a71d1f82001bdaaa73",
            "name": "Соус фирменный Space Sauce",
            "type": "sauce",
            "proteins": 50,
            "fat": 22,
            "carbohydrates": 11,
            "calories": 14,
            "price": 80,
            "image": "https://code.s3.yandex.net/react/code/sauce-04.png",
            "image_mobile": "https://code.s3.yandex.net/react/code/sauce-04-mobile.png",
            "image_large": "https://code.s3.yandex.net/react/code/sauce-04-large.png",
            "__v": 0
        },
        {
            "_id": "61c0c5a71d1f82001bdaaa74",
            "name": "Соус традиционный галактический",
            "type": "sauce",
            "proteins": 42,
            "fat": 24,
            "carbohydrates": 42,
            "calories": 99,
            "price": 15,
            "image": "https://code.s3.yandex.net/react/code/sauce-03.png",
            "image_mobile": "https://code.s3.yandex.net/react/code/sauce-03-mobile.png",
            "image_large": "https://code.s3.yandex.net/react/code/sauce-03-large.png",
            "__v": 0
        },
        {
            "_id": "61c0c5a71d1f82001bdaaa6c",
            "name": "Краторная булка N-200i",
            "type": "bun",
            "proteins": 80,
            "fat": 24,
            "carbohydrates": 53,
            "calories": 420,
            "price": 1255,
            "image": "https://code.s3.yandex.net/react/code/bun-02.png",
            "image_mobile": "https://code.s3.yandex.net/react/code/bun-02-mobile.png",
            "image_large": "https://code.s3.yandex.net/react/code/bun-02-large.png",
            "__v": 0
        },
        {
            "_id": "61c0c5a71d1f82001bdaaa75",
            "name": "Соус с шипами Антарианского плоскоходца",
            "type": "sauce",
            "proteins": 101,
            "fat": 99,
            "carbohydrates": 100,
            "calories": 100,
            "price": 88,
            "image": "https://code.s3.yandex.net/react/code/sauce-01.png",
            "image_mobile": "https://code.s3.yandex.net/react/code/sauce-01-mobile.png",
            "image_large": "https://code.s3.yandex.net/react/code/sauce-01-large.png",
            "__v": 0
        },
        {
            "_id": "61c0c5a71d1f82001bdaaa76",
            "name": "Хрустящие минеральные кольца",
            "type": "main",
            "proteins": 808,
            "fat": 689,
            "carbohydrates": 609,
            "calories": 986,
            "price": 300,
            "image": "https://code.s3.yandex.net/react/code/mineral_rings.png",
            "image_mobile": "https://code.s3.yandex.net/react/code/mineral_rings-mobile.png",
            "image_large": "https://code.s3.yandex.net/react/code/mineral_rings-large.png",
            "__v": 0
        },
        {
            "_id": "61c0c5a71d1f82001bdaaa77",
            "name": "Плоды Фалленианского дерева",
            "type": "main",
            "proteins": 20,
            "fat": 5,
            "carbohydrates": 55,
            "calories": 77,
            "price": 874,
            "image": "https://code.s3.yandex.net/react/code/sp_1.png",
            "image_mobile": "https://code.s3.yandex.net/react/code/sp_1-mobile.png",
            "image_large": "https://code.s3.yandex.net/react/code/sp_1-large.png",
            "__v": 0
        },
        {
            "_id": "61c0c5a71d1f82001bdaaa78",
            "name": "Кристаллы марсианских альфа-сахаридов",
            "type": "main",
            "proteins": 234,
            "fat": 432,
            "carbohydrates": 111,
            "calories": 189,
            "price": 762,
            "image": "https://code.s3.yandex.net/react/code/core.png",
            "image_mobile": "https://code.s3.yandex.net/react/code/core-mobile.png",
            "image_large": "https://code.s3.yandex.net/react/code/core-large.png",
            "__v": 0
        },
        {
            "_id": "61c0c5a71d1f82001bdaaa79",
            "name": "Мини-салат Экзо-Плантаго",
            "type": "main",
            "proteins": 1,
            "fat": 2,
            "carbohydrates": 3,
            "calories": 6,
            "price": 4400,
            "image": "https://code.s3.yandex.net/react/code/salad.png",
            "image_mobile": "https://code.s3.yandex.net/react/code/salad-mobile.png",
            "image_large": "https://code.s3.yandex.net/react/code/salad-large.png",
            "__v": 0
        },
        {
            "_id": "61c0c5a71d1f82001bdaaa7a",
            "name": "Сыр с астероидной плесенью",
            "type": "main",
            "proteins": 84,
            "fat": 48,
            "carbohydrates": 420,
            "calories": 3377,
            "price": 4142,
            "image": "https://code.s3.yandex.net/react/code/cheese.png",
            "image_mobile": "https://code.s3.yandex.net/react/code/cheese-mobile.png",
            "image_large": "https://code.s3.yandex.net/react/code/cheese-large.png",
            "__v": 0
        }
    ]
}
Request method:	POST
Request URI:	https://stellarburgers.education-services.ru/api/orders
Proxy:			<none>
Request params:	<none>
Query params:	<none>
Form params:	<none>
Path params:	<none>
Headers:		authorization=Bearer eyJhbGciOiJIUzI1NiIsInR5cCI6IkpXVCJ9.eyJpZCI6IjY5MThmNmJmOTg0MjcwMDAxYmUwMTlhNyIsImlhdCI6MTc2MzI0MzcxMSwiZXhwIjoxNzYzMjQ0OTExfQ.E6Fq0ETF4qk8j1FmNUNmmwOMi0OT-8T1pFXsNMpEAso
				Accept=*/*
				Content-Type=application/json
Cookies:		<none>
Multiparts:		<none>
Body:
{
    "ingredients": [
        "61c0c5a71d1f82001bdaaa6d",
        "61c0c5a71d1f82001bdaaa6f"
    ]
}
HTTP/1.1 200 OK
Server: nginx/1.24.0 (Ubuntu)
Date: Sat, 15 Nov 2025 21:55:15 GMT
Content-Type: application/json; charset=utf-8
Content-Length: 1297
Connection: keep-alive
X-Powered-By: Express
Access-Control-Allow-Origin: *
ETag: W/"511-97q7T4EF6v11VqwVaKA1BBnw2pY"

{
    "success": true,
    "name": "Флюоресцентный бессмертный бургер",
    "order": {
        "ingredients": [
            {
                "_id": "61c0c5a71d1f82001bdaaa6d",
                "name": "Флюоресцентная булка R2-D3",
                "type": "bun",
                "proteins": 44,
                "fat": 26,
                "carbohydrates": 85,
                "calories": 643,
                "price": 988,
                "image": "https://code.s3.yandex.net/react/code/bun-01.png",
                "image_mobile": "https://code.s3.yandex.net/react/code/bun-01-mobile.png",
                "image_large": "https://code.s3.yandex.net/react/code/bun-01-large.png",
                "__v": 0
            },
            {
                "_id": "61c0c5a71d1f82001bdaaa6f",
                "name": "Мясо бессмертных моллюсков Protostomia",
                "type": "main",
                "proteins": 433,
                "fat": 244,
                "carbohydrates": 33,
                "calories": 420,
                "price": 1337,
                "image": "https://code.s3.yandex.net/react/code/meat-02.png",
                "image_mobile": "https://code.s3.yandex.net/react/code/meat-02-mobile.png",
                "image_large": "https://code.s3.yandex.net/react/code/meat-02-large.png",
                "__v": 0
            }
        ],
        "_id": "6918f6c0984270001be019a9",
        "owner": {
            "name": "testUser1763243711615",
            "email": "testuser1763243711615@yandex.ru",
            "createdAt": "2025-11-15T21:55:11.867Z",
            "updatedAt": "2025-11-15T21:55:11.867Z"
        },
        "status": "done",
        "name": "Флюоресцентный бессмертный бургер",
        "createdAt": "2025-11-15T21:55:12.430Z",
        "updatedAt": "2025-11-15T21:55:14.339Z",
        "number": 320703,
        "price": 2325
    }
}
Request method:	GET
Request URI:	https://stellarburgers.education-services.ru/api/orders
Proxy:			<none>
Request params:	<none>
Query params:	<none>
Form params:	<none>
Path params:	<none>
Headers:		authorization=Bearer eyJhbGciOiJIUzI1NiIsInR5cCI6IkpXVCJ9.eyJpZCI6IjY5MThmNmJmOTg0MjcwMDAxYmUwMTlhNyIsImlhdCI6MTc2MzI0MzcxMSwiZXhwIjoxNzYzMjQ0OTExfQ.E6Fq0ETF4qk8j1FmNUNmmwOMi0OT-8T1pFXsNMpEAso
				Accept=*/*
				Content-Type=application/json
Cookies:		<none>
Multiparts:		<none>
Body:			<none>
HTTP/1.1 200 OK
Server: nginx/1.24.0 (Ubuntu)
Date: Sat, 15 Nov 2025 21:55:16 GMT
Content-Type: application/json; charset=utf-8
Content-Length: 348
Connection: keep-alive
X-Powered-By: Express
Access-Control-Allow-Origin: *
ETag: W/"15c-DVKvMNrv+L7KUsx2RNs3poIYz0A"

{
    "success": true,
    "orders": [
        {
            "_id": "6918f6c0984270001be019a9",
            "ingredients": [
                "61c0c5a71d1f82001bdaaa6d",
                "61c0c5a71d1f82001bdaaa6f"
            ],
            "status": "done",
            "name": "Флюоресцентный бессмертный бургер",
            "createdAt": "2025-11-15T21:55:12.430Z",
            "updatedAt": "2025-11-15T21:55:14.339Z",
            "number": 320703
        }
    ],
    "total": 320703,
    "totalToday": 698
}
Request method:	DELETE
Request URI:	https://stellarburgers.education-services.ru/api/auth/user
Proxy:			<none>
Request params:	<none>
Query params:	<none>
Form params:	<none>
Path params:	<none>
Headers:		authorization=Bearer eyJhbGciOiJIUzI1NiIsInR5cCI6IkpXVCJ9.eyJpZCI6IjY5MThmNmJmOTg0MjcwMDAxYmUwMTlhNyIsImlhdCI6MTc2MzI0MzcxMSwiZXhwIjoxNzYzMjQ0OTExfQ.E6Fq0ETF4qk8j1FmNUNmmwOMi0OT-8T1pFXsNMpEAso
				Accept=*/*
				Content-Type=application/json
Cookies:		<none>
Multiparts:		<none>
Body:			<none>
HTTP/1.1 202 Accepted
Server: nginx/1.24.0 (Ubuntu)
Date: Sat, 15 Nov 2025 21:55:16 GMT
Content-Type: application/json; charset=utf-8
Content-Length: 54
Connection: keep-alive
X-Powered-By: Express
Access-Control-Allow-Origin: *
ETag: W/"36-hDmZnQ3Ou/ynnqAeC6TYmyseuzY"

{
    "success": true,
    "message": "User successfully removed"
}
]]></system-out>
  </testcase>
</testsuite>