<?xml version="1.0" encoding="UTF-8"?>
<testsuite xmlns:xsi="http://www.w3.org/2001/XMLSchema-instance" xsi:noNamespaceSchemaLocation="https://maven.apache.org/surefire/maven-surefire-plugin/xsd/surefire-test-report-3.0.xsd" version="3.0" name="user.EditUserTest" time="3.127" tests="2" errors="0" skipped="0" failures="0">
  <properties>
[...]
</properties>
  <testcase name="userEditWithAuth" classname="user.EditUserTest" time="1.782">
    <system-out><![CDATA[Request method:	POST
Request URI:	https://stellarburgers.education-services.ru/api/auth/register
Proxy:			<none>
Request params:	<none>
Query params:	<none>
Form params:	<none>
Path params:	<none>
Headers:		Accept=*/*
				Content-Type=application/json
Cookies:		<none>
Multiparts:		<none>
Body:
{
    "email": "testUser1763243716871@yandex.ru",
    "password": "password123",
    "name": "testUser1763243716871"
}
HTTP/1.1 200 OK
Server: nginx/1.24.0 (Ubuntu)
Date: Sat, 15 Nov 2025 21:55:17 GMT
Content-Type: application/json; charset=utf-8
Content-Length: 391
Connection: keep-alive
X-Powered-By: Express
Access-Control-Allow-Origin: *
authorization: Bearer eyJhbGciOiJIUzI1NiIsInR5cCI6IkpXVCJ9.eyJpZCI6IjY5MThmNmM1OTg0MjcwMDAxYmUwMTlhYSIsImlhdCI6MTc2MzI0MzcxNywiZXhwIjoxNzYzMjQ0OTE3fQ.8MCNPCpGF6WUPgFliPQxBoM1vJmbvaS6je6smYIxfb4
ETag: W/"187-2vH77kHpDR9CJwMAI/TwCDZmzn8"

{
    "success": true,
    "user": {
        "email": "testuser1763243716871@yandex.ru",
        "name": "testUser1763243716871"
    },
    "accessToken": "Bearer eyJhbGciOiJIUzI1NiIsInR5cCI6IkpXVCJ9.eyJpZCI6IjY5MThmNmM1OTg0MjcwMDAxYmUwMTlhYSIsImlhdCI6MTc2MzI0MzcxNywiZXhwIjoxNzYzMjQ0OTE3fQ.8MCNPCpGF6WUPgFliPQxBoM1vJmbvaS6je6smYIxfb4",
    "refreshToken": "8edcd3ba5dee3abe2f247ffaf7daa3132b94b58aafe2eb64e9359b57a8b8e7e052ae10be22e33408"
}
Request method:	PATCH
Request URI:	https://stellarburgers.education-services.ru/api/auth/user
Proxy:			<none>
Request params:	<none>
Query params:	<none>
Form params:	<none>
Path params:	<none>
Headers:		authorization=Bearer eyJhbGciOiJIUzI1NiIsInR5cCI6IkpXVCJ9.eyJpZCI6IjY5MThmNmM1OTg0MjcwMDAxYmUwMTlhYSIsImlhdCI6MTc2MzI0MzcxNywiZXhwIjoxNzYzMjQ0OTE3fQ.8MCNPCpGF6WUPgFliPQxBoM1vJmbvaS6je6smYIxfb4
				Accept=*/*
				Content-Type=application/json
Cookies:		<none>
Multiparts:		<none>
Body:
{
    "email": "testEditUser1763243717209@yandex.ru",
    "password": "editPassword123",
    "name": "testEditUser1763243717209"
}
HTTP/1.1 200 OK
Server: nginx/1.24.0 (Ubuntu)
Date: Sat, 15 Nov 2025 21:55:17 GMT
Content-Type: application/json; charset=utf-8
Content-Length: 106
Connection: keep-alive
X-Powered-By: Express
Access-Control-Allow-Origin: *
ETag: W/"6a-pYgM6SEI+n7pyu301xdJQdEOCjw"

{
    "success": true,
    "user": {
        "email": "testedituser1763243717209@yandex.ru",
        "name": "testEditUser1763243717209"
    }
}
Request method:	GET
Request URI:	https://stellarburgers.education-services.ru/api/auth/user
Proxy:			<none>
Request params:	<none>
Query params:	<none>
Form params:	<none>
Path params:	<none>
Headers:		authorization=Bearer eyJhbGciOiJIUzI1NiIsInR5cCI6IkpXVCJ9.eyJpZCI6IjY5MThmNmM1OTg0MjcwMDAxYmUwMTlhYSIsImlhdCI6MTc2MzI0MzcxNywiZXhwIjoxNzYzMjQ0OTE3fQ.8MCNPCpGF6WUPgFliPQxBoM1vJmbvaS6je6smYIxfb4
				Accept=*/*
				Content-Type=application/json
Cookies:		<none>
Multiparts:		<none>
Body:			<none>
HTTP/1.1 200 OK
Server: nginx/1.24.0 (Ubuntu)
Date: Sat, 15 Nov 2025 21:55:17 GMT
Content-Type: application/json; charset=utf-8
Content-Length: 106
Connection: keep-alive
X-Powered-By: Express
Access-Control-Allow-Origin: *
ETag: W/"6a-pYgM6SEI+n7pyu301xdJQdEOCjw"

{
    "success": true,
    "user": {
        "email": "testedituser1763243717209@yandex.ru",
        "name": "testEditUser1763243717209"
    }
}
Request method:	DELETE
Request URI:	https://stellarburgers.education-services.ru/api/auth/user
Proxy:			<none>
Request params:	<none>
Query params:	<none>
Form params:	<none>
Path params:	<none>
Headers:		authorization=Bearer eyJhbGciOiJIUzI1NiIsInR5cCI6IkpXVCJ9.eyJpZCI6IjY5MThmNmM1OTg0MjcwMDAxYmUwMTlhYSIsImlhdCI6MTc2MzI0MzcxNywiZXhwIjoxNzYzMjQ0OTE3fQ.8MCNPCpGF6WUPgFliPQxBoM1vJmbvaS6je6smYIxfb4
				Accept=*/*
				Content-Type=application/json
Cookies:		<none>
Multiparts:		<none>
Body:			<none>
HTTP/1.1 202 Accepted
Server: nginx/1.24.0 (Ubuntu)
Date: Sat, 15 Nov 2025 21:55:18 GMT
Content-Type: application/json; charset=utf-8
Content-Length: 54
Connection: keep-alive
X-Powered-By: Express
Access-Control-Allow-Origin: *
ETag: W/"36-hDmZnQ3Ou/ynnqAeC6TYmyseuzY"

{
    "success": true,
    "message": "User successfully removed"
}
]]></system-out>
  </testcase>
  <testcase name="userEditWithoutAuth" classname="user.EditUserTest" time="1.331">
    <system-out><![CDATA[Request method:	POST
Request URI:	https://stellarburgers.education-services.ru/api/auth/register
Proxy:			<none>
Request params:	<none>
Query params:	<none>
Form params:	<none>
Path params:	<none>
Headers:		Accept=*/*
				Content-Type=application/json
Cookies:		<none>
Multiparts:		<none>
Body:
{
    "email": "testUser1763243718671@yandex.ru",
    "password": "password123",
    "name": "testUser1763243718671"
}
HTTP/1.1 200 OK
Server: nginx/1.24.0 (Ubuntu)
Date: Sat, 15 Nov 2025 21:55:18 GMT
Content-Type: application/json; charset=utf-8
Content-Length: 391
Connection: keep-alive
X-Powered-By: Express
Access-Control-Allow-Origin: *
authorization: Bearer eyJhbGciOiJIUzI1NiIsInR5cCI6IkpXVCJ9.eyJpZCI6IjY5MThmNmM2OTg0MjcwMDAxYmUwMTlhYyIsImlhdCI6MTc2MzI0MzcxOCwiZXhwIjoxNzYzMjQ0OTE4fQ.NIDyJcM1iZ9Sc3zG4XlqNlDqMZjGjol_8uUZ2XqnUoQ
ETag: W/"187-eAZyFdQQiAL9xeNpgCo1yVSkGDE"

{
    "success": true,
    "user": {
        "email": "testuser1763243718671@yandex.ru",
        "name": "testUser1763243718671"
    },
    "accessToken": "Bearer eyJhbGciOiJIUzI1NiIsInR5cCI6IkpXVCJ9.eyJpZCI6IjY5MThmNmM2OTg0MjcwMDAxYmUwMTlhYyIsImlhdCI6MTc2MzI0MzcxOCwiZXhwIjoxNzYzMjQ0OTE4fQ.NIDyJcM1iZ9Sc3zG4XlqNlDqMZjGjol_8uUZ2XqnUoQ",
    "refreshToken": "3dc80579e89043e359995d365280ec1ee4865a229f6cec8a52e07da12172266dba6e56d626bbcdcc"
}
Request method:	PATCH
Request URI:	https://stellarburgers.education-services.ru/api/auth/user
Proxy:			<none>
Request params:	<none>
Query params:	<none>
Form params:	<none>
Path params:	<none>
Headers:		authorization=invalidAccessToken
				Accept=*/*
				Content-Type=application/json
Cookies:		<none>
Multiparts:		<none>
Body:
{
    "email": "testEditUser1763243718994@yandex.ru",
    "password": "editPassword123",
    "name": "testEditUser1763243718994"
}
HTTP/1.1 401 Unauthorized
Server: nginx/1.24.0 (Ubuntu)
Date: Sat, 15 Nov 2025 21:55:19 GMT
Content-Type: application/json; charset=utf-8
Content-Length: 54
Connection: keep-alive
X-Powered-By: Express
Access-Control-Allow-Origin: *
ETag: W/"36-9ndkQYJpZ8s0sMN790Nuh0MLq/U"

{
    "success": false,
    "message": "You should be authorised"
}
HTTP/1.1 401 Unauthorized
Server: nginx/1.24.0 (Ubuntu)
Date: Sat, 15 Nov 2025 21:55:19 GMT
Content-Type: application/json; charset=utf-8
Content-Length: 54
Connection: keep-alive
X-Powered-By: Express
Access-Control-Allow-Origin: *
ETag: W/"36-9ndkQYJpZ8s0sMN790Nuh0MLq/U"

{
    "success": false,
    "message": "You should be authorised"
}
Request method:	DELETE
Request URI:	https://stellarburgers.education-services.ru/api/auth/user
Proxy:			<none>
Request params:	<none>
Query params:	<none>
Form params:	<none>
Path params:	<none>
Headers:		authorization=Bearer eyJhbGciOiJIUzI1NiIsInR5cCI6IkpXVCJ9.eyJpZCI6IjY5MThmNmM2OTg0MjcwMDAxYmUwMTlhYyIsImlhdCI6MTc2MzI0MzcxOCwiZXhwIjoxNzYzMjQ0OTE4fQ.NIDyJcM1iZ9Sc3zG4XlqNlDqMZjGjol_8uUZ2XqnUoQ
				Accept=*/*
				Content-Type=application/json
Cookies:		<none>
Multiparts:		<none>
Body:			<none>
HTTP/1.1 202 Accepted
Server: nginx/1.24.0 (Ubuntu)
Date: Sat, 15 Nov 2025 21:55:19 GMT
Content-Type: application/json; charset=utf-8
Content-Length: 54
Connection: keep-alive
X-Powered-By: Express
Access-Control-Allow-Origin: *
ETag: W/"36-hDmZnQ3Ou/ynnqAeC6TYmyseuzY"

{
    "success": true,
    "message": "User successfully removed"
}
]]></system-out>
  </testcase>
</testsuite>